...found 12 targets...
...updating 11 targets...
clang-darwin.compile.c++ bin.v2/libs/config/checks/architecture/clang-darwin-15/debug/cxxstd-11-iso/threading-multi/visibility-hidden/32.o
libs/config/checks/architecture/32.cpp:9:10: error: 'test' declared as an array with a negative size
int test[sizeof(void*) == 4? 1 : -1];
         ^~~~~~~~~~~~~~~~~~~~~~~~~~
1 error generated.

    "clang++"   -std=c++11 -fvisibility-inlines-hidden -fPIC -O0 -fno-inline -Wall -g -fvisibility=hidden  -DBOOST_ALL_NO_LIB=1 -DBOOST_COBALT_USE_STD_PMR=1   -I"."  -c -o "bin.v2/libs/config/checks/architecture/clang-darwin-15/debug/cxxstd-11-iso/threading-multi/visibility-hidden/32.o" "libs/config/checks/architecture/32.cpp"

...failed clang-darwin.compile.c++ bin.v2/libs/config/checks/architecture/clang-darwin-15/debug/cxxstd-11-iso/threading-multi/visibility-hidden/32.o...
...failed updating 1 target...
...updated 10 targets...
...found 2 targets...
...updating 1 target...
clang-darwin.compile.c++ bin.v2/libs/config/checks/architecture/clang-darwin-15/debug/cxxstd-11-iso/threading-multi/visibility-hidden/64.o
...updated 1 target...
...found 2 targets...
...updating 1 target...
clang-darwin.compile.c++ bin.v2/libs/config/checks/architecture/clang-darwin-15/debug/cxxstd-11-iso/threading-multi/visibility-hidden/arm.o
...updated 1 target...
...found 108 targets...
...updating 6 targets...
clang-darwin.compile.c++ bin.v2/libs/config/checks/clang-darwin-15/release/cxxstd-11-iso/threading-multi/visibility-hidden/cxx11_static_assert.o
...updated 6 targets...
...found 1 target...
...updating 1 target...
clang-darwin.compile.c++ bin.v2/libs/config/checks/clang-darwin-15/release/cxxstd-11-iso/threading-multi/visibility-hidden/cxx20_hdr_concepts.o
libs/config/checks/test_case.cpp:651:7: error: "Defect macro BOOST_NO_CXX20_HDR_CONCEPTS is defined."
#     error "Defect macro BOOST_NO_CXX20_HDR_CONCEPTS is defined."
      ^
1 error generated.

    "clang++"   -std=c++11 -fvisibility-inlines-hidden -fPIC -O3 -Wall -fvisibility=hidden -Wno-inline --target=arm64-apple-darwin  -DBOOST_ALL_NO_LIB=1 -DBOOST_COBALT_USE_STD_PMR=1 -DNDEBUG -DTEST_BOOST_NO_CXX20_HDR_CONCEPTS   -I"."  -c -o "bin.v2/libs/config/checks/clang-darwin-15/release/cxxstd-11-iso/threading-multi/visibility-hidden/cxx20_hdr_concepts.o" "libs/config/checks/test_case.cpp"

...failed clang-darwin.compile.c++ bin.v2/libs/config/checks/clang-darwin-15/release/cxxstd-11-iso/threading-multi/visibility-hidden/cxx20_hdr_concepts.o...
...failed updating 1 target...
...found 10 targets...
...updating 8 targets...
clang-darwin.compile.c++ bin.v2/libs/filesystem/config/clang-darwin-15/release/cxxstd-11-iso/threading-multi/visibility-hidden/has_cxx20_atomic_ref.o
libs/filesystem/config/has_cxx20_atomic_ref.cpp:15:10: error: no member named 'atomic_ref' in namespace 'std'
    std::atomic_ref< func_t* > ref(func);
    ~~~~~^
libs/filesystem/config/has_cxx20_atomic_ref.cpp:15:22: error: unexpected type name 'func_t': expected expression
    std::atomic_ref< func_t* > ref(func);
                     ^
libs/filesystem/config/has_cxx20_atomic_ref.cpp:15:30: error: expected expression
    std::atomic_ref< func_t* > ref(func);
                             ^
libs/filesystem/config/has_cxx20_atomic_ref.cpp:15:32: error: use of undeclared identifier 'ref'
    std::atomic_ref< func_t* > ref(func);
                               ^
libs/filesystem/config/has_cxx20_atomic_ref.cpp:16:5: error: use of undeclared identifier 'ref'
    ref.load(std::memory_order_relaxed);
    ^
libs/filesystem/config/has_cxx20_atomic_ref.cpp:17:5: error: use of undeclared identifier 'ref'
    ref.store((func_t*)0, std::memory_order_relaxed);
    ^
6 errors generated.

    "clang++"   -std=c++11 -fvisibility-inlines-hidden -fPIC -O3 -Wall -fvisibility=hidden -Wno-inline --target=arm64-apple-darwin  -DBOOST_ALL_NO_LIB=1 -DBOOST_COBALT_USE_STD_PMR=1 -DNDEBUG   -I"." -I"libs/filesystem/src"  -c -o "bin.v2/libs/filesystem/config/clang-darwin-15/release/cxxstd-11-iso/threading-multi/visibility-hidden/has_cxx20_atomic_ref.o" "libs/filesystem/config/has_cxx20_atomic_ref.cpp"

...failed clang-darwin.compile.c++ bin.v2/libs/filesystem/config/clang-darwin-15/release/cxxstd-11-iso/threading-multi/visibility-hidden/has_cxx20_atomic_ref.o...
...failed updating 1 target...
...updated 7 targets...
...found 3 targets...
...updating 2 targets...
clang-darwin.compile.c++ bin.v2/libs/filesystem/config/clang-darwin-15/release/cxxstd-11-iso/threading-multi/visibility-hidden/has_linkflag_no_undefined.o
clang-darwin.link.dll bin.v2/libs/filesystem/config/clang-darwin-15/release/cxxstd-11-iso/threading-multi/visibility-hidden/libhas_linkflag_no_undefined.dylib
ld: warning: -single_module is obsolete
ld: unknown options: --no-undefined 
clang: error: linker command failed with exit code 1 (use -v to see invocation)

    "clang++"    -o "bin.v2/libs/filesystem/config/clang-darwin-15/release/cxxstd-11-iso/threading-multi/visibility-hidden/libhas_linkflag_no_undefined.dylib" -Wl,-install_name -Wl,"@rpath/libhas_linkflag_no_undefined.dylib" -dynamiclib -single_module  "bin.v2/libs/filesystem/config/clang-darwin-15/release/cxxstd-11-iso/threading-multi/visibility-hidden/has_linkflag_no_undefined.o"       -fPIC -std=c++11 -fvisibility=hidden -fvisibility-inlines-hidden --target=arm64-apple-darwin -Wl,--no-undefined

...failed clang-darwin.link.dll bin.v2/libs/filesystem/config/clang-darwin-15/release/cxxstd-11-iso/threading-multi/visibility-hidden/libhas_linkflag_no_undefined.dylib...
...failed updating 1 target...
...updated 1 target...
...found 1 target...
...updating 1 target...
clang-darwin.link.dll bin.v2/libs/filesystem/config/clang-darwin-15/release/cxxstd-11-iso/threading-multi/visibility-hidden/libhas_linkflag_undefined_error.dylib
ld: warning: -single_module is obsolete
ld: warning: -undefined error is deprecated
...updated 1 target...
...patience...
...found 138 targets...
...updating 1 target...
clang-darwin.compile.c++ bin.v2/libs/filesystem/config/clang-darwin-15/release/cxxstd-11-iso/threading-multi/visibility-hidden/has_statx.o
libs/filesystem/config/has_statx.cpp:17:18: error: variable has incomplete type 'struct statx'
    struct statx st;
                 ^
libs/filesystem/config/has_statx.cpp:17:12: note: forward declaration of 'statx'
    struct statx st;
           ^
libs/filesystem/config/has_statx.cpp:18:58: error: use of undeclared identifier 'AT_NO_AUTOMOUNT'
    int res = statx(AT_FDCWD, ".", AT_SYMLINK_NOFOLLOW | AT_NO_AUTOMOUNT, STATX_BTIME, &st);
                                                         ^
libs/filesystem/config/has_statx.cpp:18:75: error: use of undeclared identifier 'STATX_BTIME'
    int res = statx(AT_FDCWD, ".", AT_SYMLINK_NOFOLLOW | AT_NO_AUTOMOUNT, STATX_BTIME, &st);
                                                                          ^
3 errors generated.

    "clang++"   -std=c++11 -fvisibility-inlines-hidden -fPIC -O3 -Wall -fvisibility=hidden -Wno-inline --target=arm64-apple-darwin  -DBOOST_ALL_NO_LIB=1 -DBOOST_COBALT_USE_STD_PMR=1 -DNDEBUG   -I"." -I"libs/filesystem/src"  -c -o "bin.v2/libs/filesystem/config/clang-darwin-15/release/cxxstd-11-iso/threading-multi/visibility-hidden/has_statx.o" "libs/filesystem/config/has_statx.cpp"

...failed clang-darwin.compile.c++ bin.v2/libs/filesystem/config/clang-darwin-15/release/cxxstd-11-iso/threading-multi/visibility-hidden/has_statx.o...
...failed updating 1 target...
...found 4 targets...
...updating 1 target...
clang-darwin.compile.c++ bin.v2/libs/filesystem/config/clang-darwin-15/release/cxxstd-11-iso/threading-multi/visibility-hidden/has_statx_syscall.o
libs/filesystem/config/has_statx_syscall.cpp:11:10: fatal error: 'linux/stat.h' file not found
#include <linux/stat.h>
         ^~~~~~~~~~~~~~
1 error generated.

    "clang++"   -std=c++11 -fvisibility-inlines-hidden -fPIC -O3 -Wall -fvisibility=hidden -Wno-inline --target=arm64-apple-darwin  -DBOOST_ALL_NO_LIB=1 -DBOOST_COBALT_USE_STD_PMR=1 -DNDEBUG   -I"." -I"libs/filesystem/src"  -c -o "bin.v2/libs/filesystem/config/clang-darwin-15/release/cxxstd-11-iso/threading-multi/visibility-hidden/has_statx_syscall.o" "libs/filesystem/config/has_statx_syscall.cpp"

...failed clang-darwin.compile.c++ bin.v2/libs/filesystem/config/clang-darwin-15/release/cxxstd-11-iso/threading-multi/visibility-hidden/has_statx_syscall.o...
...failed updating 1 target...
...found 2 targets...
...updating 1 target...
clang-darwin.compile.c++ bin.v2/libs/filesystem/config/clang-darwin-15/release/cxxstd-11-iso/threading-multi/visibility-hidden/has_attribute_init_priority.o
...updated 1 target...
...found 2 targets...
...updating 1 target...
clang-darwin.compile.c++ bin.v2/libs/filesystem/config/clang-darwin-15/release/cxxstd-11-iso/threading-multi/visibility-hidden/has_stat_st_mtim.o
libs/filesystem/config/has_stat_st_mtim.cpp:17:8: error: no member named 'st_mtim' in 'stat'
    st.st_mtim.tv_nsec = 10;
    ~~ ^
1 error generated.

    "clang++"   -std=c++11 -fvisibility-inlines-hidden -fPIC -O3 -Wall -fvisibility=hidden -Wno-inline --target=arm64-apple-darwin  -DBOOST_ALL_NO_LIB=1 -DBOOST_COBALT_USE_STD_PMR=1 -DNDEBUG   -I"." -I"libs/filesystem/src"  -c -o "bin.v2/libs/filesystem/config/clang-darwin-15/release/cxxstd-11-iso/threading-multi/visibility-hidden/has_stat_st_mtim.o" "libs/filesystem/config/has_stat_st_mtim.cpp"

...failed clang-darwin.compile.c++ bin.v2/libs/filesystem/config/clang-darwin-15/release/cxxstd-11-iso/threading-multi/visibility-hidden/has_stat_st_mtim.o...
...failed updating 1 target...
...found 2 targets...
...updating 1 target...
clang-darwin.compile.c++ bin.v2/libs/filesystem/config/clang-darwin-15/release/cxxstd-11-iso/threading-multi/visibility-hidden/has_stat_st_mtimensec.o
libs/filesystem/config/has_stat_st_mtimensec.cpp:17:8: error: no member named 'st_mtimensec' in 'stat'
    st.st_mtimensec = 10;
    ~~ ^
1 error generated.

    "clang++"   -std=c++11 -fvisibility-inlines-hidden -fPIC -O3 -Wall -fvisibility=hidden -Wno-inline --target=arm64-apple-darwin  -DBOOST_ALL_NO_LIB=1 -DBOOST_COBALT_USE_STD_PMR=1 -DNDEBUG   -I"." -I"libs/filesystem/src"  -c -o "bin.v2/libs/filesystem/config/clang-darwin-15/release/cxxstd-11-iso/threading-multi/visibility-hidden/has_stat_st_mtimensec.o" "libs/filesystem/config/has_stat_st_mtimensec.cpp"

...failed clang-darwin.compile.c++ bin.v2/libs/filesystem/config/clang-darwin-15/release/cxxstd-11-iso/threading-multi/visibility-hidden/has_stat_st_mtimensec.o...
...failed updating 1 target...
...found 2 targets...
...updating 1 target...
clang-darwin.compile.c++ bin.v2/libs/filesystem/config/clang-darwin-15/release/cxxstd-11-iso/threading-multi/visibility-hidden/has_stat_st_mtimespec.o
...updated 1 target...
...found 2 targets...
...updating 1 target...
clang-darwin.compile.c++ bin.v2/libs/filesystem/config/clang-darwin-15/release/cxxstd-11-iso/threading-multi/visibility-hidden/has_stat_st_birthtim.o
libs/filesystem/config/has_stat_st_birthtim.cpp:17:8: error: no member named 'st_birthtim' in 'stat'
    st.st_birthtim.tv_sec = 1;
    ~~ ^
libs/filesystem/config/has_stat_st_birthtim.cpp:18:8: error: no member named 'st_birthtim' in 'stat'
    st.st_birthtim.tv_nsec = 10;
    ~~ ^
2 errors generated.

    "clang++"   -std=c++11 -fvisibility-inlines-hidden -fPIC -O3 -Wall -fvisibility=hidden -Wno-inline --target=arm64-apple-darwin  -DBOOST_ALL_NO_LIB=1 -DBOOST_COBALT_USE_STD_PMR=1 -DNDEBUG   -I"." -I"libs/filesystem/src"  -c -o "bin.v2/libs/filesystem/config/clang-darwin-15/release/cxxstd-11-iso/threading-multi/visibility-hidden/has_stat_st_birthtim.o" "libs/filesystem/config/has_stat_st_birthtim.cpp"

...failed clang-darwin.compile.c++ bin.v2/libs/filesystem/config/clang-darwin-15/release/cxxstd-11-iso/threading-multi/visibility-hidden/has_stat_st_birthtim.o...
...failed updating 1 target...
...found 2 targets...
...updating 1 target...
clang-darwin.compile.c++ bin.v2/libs/filesystem/config/clang-darwin-15/release/cxxstd-11-iso/threading-multi/visibility-hidden/has_stat_st_birthtimensec.o
libs/filesystem/config/has_stat_st_birthtimensec.cpp:18:8: error: no member named 'st_birthtimensec' in 'stat'
    st.st_birthtimensec = 10;
    ~~ ^
1 error generated.

    "clang++"   -std=c++11 -fvisibility-inlines-hidden -fPIC -O3 -Wall -fvisibility=hidden -Wno-inline --target=arm64-apple-darwin  -DBOOST_ALL_NO_LIB=1 -DBOOST_COBALT_USE_STD_PMR=1 -DNDEBUG   -I"." -I"libs/filesystem/src"  -c -o "bin.v2/libs/filesystem/config/clang-darwin-15/release/cxxstd-11-iso/threading-multi/visibility-hidden/has_stat_st_birthtimensec.o" "libs/filesystem/config/has_stat_st_birthtimensec.cpp"

...failed clang-darwin.compile.c++ bin.v2/libs/filesystem/config/clang-darwin-15/release/cxxstd-11-iso/threading-multi/visibility-hidden/has_stat_st_birthtimensec.o...
...failed updating 1 target...
...found 2 targets...
...updating 1 target...
clang-darwin.compile.c++ bin.v2/libs/filesystem/config/clang-darwin-15/release/cxxstd-11-iso/threading-multi/visibility-hidden/has_stat_st_birthtimespec.o
...updated 1 target...
...found 3 targets...
...updating 1 target...
clang-darwin.compile.c++ bin.v2/libs/filesystem/config/clang-darwin-15/release/cxxstd-11-iso/threading-multi/visibility-hidden/has_fdopendir_nofollow.o
...updated 1 target...
...found 2 targets...
...updating 1 target...
clang-darwin.compile.c++ bin.v2/libs/filesystem/config/clang-darwin-15/release/cxxstd-11-iso/threading-multi/visibility-hidden/has_dirent_d_type.o
...updated 1 target...
...found 3 targets...
...updating 1 target...
clang-darwin.compile.c++ bin.v2/libs/filesystem/config/clang-darwin-15/release/cxxstd-11-iso/threading-multi/visibility-hidden/has_posix_at_apis.o
libs/filesystem/config/has_posix_at_apis.cpp:25:35: error: use of undeclared identifier 'AT_NO_AUTOMOUNT'
    res |= fstatat(fd1, "y", &st, AT_NO_AUTOMOUNT | AT_SYMLINK_NOFOLLOW);
                                  ^
1 error generated.

    "clang++"   -std=c++11 -fvisibility-inlines-hidden -fPIC -O3 -Wall -fvisibility=hidden -Wno-inline --target=arm64-apple-darwin  -DBOOST_ALL_NO_LIB=1 -DBOOST_COBALT_USE_STD_PMR=1 -DNDEBUG   -I"." -I"libs/filesystem/src"  -c -o "bin.v2/libs/filesystem/config/clang-darwin-15/release/cxxstd-11-iso/threading-multi/visibility-hidden/has_posix_at_apis.o" "libs/filesystem/config/has_posix_at_apis.cpp"

...failed clang-darwin.compile.c++ bin.v2/libs/filesystem/config/clang-darwin-15/release/cxxstd-11-iso/threading-multi/visibility-hidden/has_posix_at_apis.o...
...failed updating 1 target...
...found 1 target...
...updating 1 target...
clang-darwin.compile.c++ bin.v2/libs/config/checks/clang-darwin-15/release/cxxstd-11-iso/threading-multi/visibility-hidden/cxx11_auto_declarations.o
...updated 1 target...
...found 1 target...
...updating 1 target...
clang-darwin.compile.c++ bin.v2/libs/config/checks/clang-darwin-15/release/cxxstd-11-iso/threading-multi/visibility-hidden/cxx11_constexpr.o
...updated 1 target...
...found 1 target...
...updating 1 target...
clang-darwin.compile.c++ bin.v2/libs/config/checks/clang-darwin-15/release/cxxstd-11-iso/threading-multi/visibility-hidden/cxx11_defaulted_functions.o
...updated 1 target...
...found 1 target...
...updating 1 target...
clang-darwin.compile.c++ bin.v2/libs/config/checks/clang-darwin-15/release/cxxstd-11-iso/threading-multi/visibility-hidden/cxx11_final.o
...updated 1 target...
...found 1 target...
...updating 1 target...
clang-darwin.compile.c++ bin.v2/libs/config/checks/clang-darwin-15/release/cxxstd-11-iso/threading-multi/visibility-hidden/cxx11_hdr_mutex.o
...updated 1 target...
...found 1 target...
...updating 1 target...
clang-darwin.compile.c++ bin.v2/libs/config/checks/clang-darwin-15/release/cxxstd-11-iso/threading-multi/visibility-hidden/cxx11_hdr_tuple.o
...updated 1 target...
...found 1 target...
...updating 1 target...
clang-darwin.compile.c++ bin.v2/libs/config/checks/clang-darwin-15/release/cxxstd-11-iso/threading-multi/visibility-hidden/cxx11_lambdas.o
...updated 1 target...
...found 1 target...
...updating 1 target...
clang-darwin.compile.c++ bin.v2/libs/config/checks/clang-darwin-15/release/cxxstd-11-iso/threading-multi/visibility-hidden/cxx11_noexcept.o
...updated 1 target...
...found 1 target...
...updating 1 target...
clang-darwin.compile.c++ bin.v2/libs/config/checks/clang-darwin-15/release/cxxstd-11-iso/threading-multi/visibility-hidden/cxx11_nullptr.o
...updated 1 target...
...found 1 target...
...updating 1 target...
clang-darwin.compile.c++ bin.v2/libs/config/checks/clang-darwin-15/release/cxxstd-11-iso/threading-multi/visibility-hidden/cxx11_rvalue_references.o
...updated 1 target...
...found 1 target...
...updating 1 target...
clang-darwin.compile.c++ bin.v2/libs/config/checks/clang-darwin-15/release/cxxstd-11-iso/threading-multi/visibility-hidden/cxx11_template_aliases.o
...updated 1 target...
...found 1 target...
...updating 1 target...
clang-darwin.compile.c++ bin.v2/libs/config/checks/clang-darwin-15/release/cxxstd-11-iso/threading-multi/visibility-hidden/cxx11_thread_local.o
...updated 1 target...
...found 1 target...
...updating 1 target...
clang-darwin.compile.c++ bin.v2/libs/config/checks/clang-darwin-15/release/cxxstd-11-iso/threading-multi/visibility-hidden/cxx11_variadic_templates.o
...updated 1 target...
...found 29 targets...
...updating 9 targets...
clang-darwin.compile.c++ bin.v2/libs/regex/build/clang-darwin-15/release/cxxstd-11-iso/threading-multi/visibility-hidden/has_icu_test.o
libs/regex/build/has_icu_test.cpp:15:10: fatal error: 'unicode/coll.h' file not found
#include <unicode/coll.h>
         ^~~~~~~~~~~~~~~~
1 error generated.

    "clang++"   -std=c++11 -fvisibility-inlines-hidden -fPIC -O3 -Wall -fvisibility=hidden -Wno-inline --target=arm64-apple-darwin  -DBOOST_ALL_NO_LIB=1 -DBOOST_COBALT_USE_STD_PMR=1 -DBOOST_HAS_ICU=1 -DNDEBUG   -I"."  -c -o "bin.v2/libs/regex/build/clang-darwin-15/release/cxxstd-11-iso/threading-multi/visibility-hidden/has_icu_test.o" "libs/regex/build/has_icu_test.cpp"

...failed clang-darwin.compile.c++ bin.v2/libs/regex/build/clang-darwin-15/release/cxxstd-11-iso/threading-multi/visibility-hidden/has_icu_test.o...
...skipped <pbin.v2/libs/regex/build/clang-darwin-15/release/cxxstd-11-iso/threading-multi/visibility-hidden>has_icu for lack of <pbin.v2/libs/regex/build/clang-darwin-15/release/cxxstd-11-iso/threading-multi/visibility-hidden>has_icu_test.o...
...failed updating 1 target...
...skipped 1 target...
...updated 7 targets...
...found 11 targets...
...updating 9 targets...
clang-darwin.compile.c++ bin.v2/standalone/ac/clang-darwin-15/release/cxxstd-11-iso/threading-multi/visibility-hidden/zlib_h.o
...updated 9 targets...
...found 5 targets...
...updating 3 targets...
clang-darwin.compile.c++ bin.v2/standalone/ac/clang-darwin-15/release/cxxstd-11-iso/threading-multi/visibility-hidden/main-z.o
clang-darwin.link bin.v2/standalone/ac/clang-darwin-15/release/cxxstd-11-iso/threading-multi/visibility-hidden/z
...updated 3 targets...
...found 4 targets...
...updating 2 targets...
clang-darwin.compile.c++ bin.v2/standalone/ac/clang-darwin-15/release/cxxstd-11-iso/threading-multi/visibility-hidden/bzlib_h.o
...updated 2 targets...
...found 5 targets...
...updating 3 targets...
clang-darwin.compile.c++ bin.v2/standalone/ac/clang-darwin-15/release/cxxstd-11-iso/threading-multi/visibility-hidden/main-bz2.o
clang-darwin.link bin.v2/standalone/ac/clang-darwin-15/release/cxxstd-11-iso/threading-multi/visibility-hidden/bz2
...updated 3 targets...
...found 4 targets...
...updating 2 targets...
clang-darwin.compile.c++ bin.v2/standalone/ac/clang-darwin-15/release/cxxstd-11-iso/threading-multi/visibility-hidden/lzma_h.o
bin.v2/standalone/ac/lzma_h.cpp:1:10: fatal error: 'lzma.h' file not found
#include <lzma.h>
         ^~~~~~~~
1 error generated.

    "clang++"   -std=c++11 -fvisibility-inlines-hidden -fPIC -O3 -Wall -fvisibility=hidden -Wno-inline --target=arm64-apple-darwin  -DBOOST_COBALT_USE_STD_PMR=1 -DNDEBUG     -c -o "bin.v2/standalone/ac/clang-darwin-15/release/cxxstd-11-iso/threading-multi/visibility-hidden/lzma_h.o" "bin.v2/standalone/ac/lzma_h.cpp"

...failed clang-darwin.compile.c++ bin.v2/standalone/ac/clang-darwin-15/release/cxxstd-11-iso/threading-multi/visibility-hidden/lzma_h.o...
...failed updating 1 target...
...updated 1 target...
...found 5 targets...
...updating 3 targets...
clang-darwin.compile.c++ bin.v2/standalone/ac/clang-darwin-15/release/cxxstd-11-iso/threading-multi/visibility-hidden/main-lzma.o
clang-darwin.link bin.v2/standalone/ac/clang-darwin-15/release/cxxstd-11-iso/threading-multi/visibility-hidden/lzma
...updated 3 targets...
...found 4 targets...
...updating 2 targets...
clang-darwin.compile.c++ bin.v2/standalone/ac/clang-darwin-15/release/cxxstd-11-iso/threading-multi/visibility-hidden/zstd_h.o
bin.v2/standalone/ac/zstd_h.cpp:1:10: fatal error: 'zstd.h' file not found
#include <zstd.h>
         ^~~~~~~~
1 error generated.

    "clang++"   -std=c++11 -fvisibility-inlines-hidden -fPIC -O3 -Wall -fvisibility=hidden -Wno-inline --target=arm64-apple-darwin  -DBOOST_COBALT_USE_STD_PMR=1 -DNDEBUG     -c -o "bin.v2/standalone/ac/clang-darwin-15/release/cxxstd-11-iso/threading-multi/visibility-hidden/zstd_h.o" "bin.v2/standalone/ac/zstd_h.cpp"

...failed clang-darwin.compile.c++ bin.v2/standalone/ac/clang-darwin-15/release/cxxstd-11-iso/threading-multi/visibility-hidden/zstd_h.o...
...failed updating 1 target...
...updated 1 target...
...found 5 targets...
...updating 3 targets...
clang-darwin.compile.c++ bin.v2/standalone/ac/clang-darwin-15/release/cxxstd-11-iso/threading-multi/visibility-hidden/main-zstd.o
clang-darwin.link bin.v2/standalone/ac/clang-darwin-15/release/cxxstd-11-iso/threading-multi/visibility-hidden/zstd
ld: library 'zstd' not found
clang: error: linker command failed with exit code 1 (use -v to see invocation)

    "clang++"    -o "bin.v2/standalone/ac/clang-darwin-15/release/cxxstd-11-iso/threading-multi/visibility-hidden/zstd"  "bin.v2/standalone/ac/clang-darwin-15/release/cxxstd-11-iso/threading-multi/visibility-hidden/main-zstd.o"     -lzstd  -fPIC -std=c++11 -fvisibility=hidden -fvisibility-inlines-hidden --target=arm64-apple-darwin 

...failed clang-darwin.link bin.v2/standalone/ac/clang-darwin-15/release/cxxstd-11-iso/threading-multi/visibility-hidden/zstd...
...failed updating 1 target...
...updated 2 targets...
...found 5 targets...
...updating 3 targets...
clang-darwin.compile.c++ bin.v2/standalone/ac/clang-darwin-15/release/cxxstd-11-iso/threading-multi/visibility-hidden/main-zstd_static.o
clang-darwin.link bin.v2/standalone/ac/clang-darwin-15/release/cxxstd-11-iso/threading-multi/visibility-hidden/zstd_static
ld: library 'zstd_static' not found
clang: error: linker command failed with exit code 1 (use -v to see invocation)

    "clang++"    -o "bin.v2/standalone/ac/clang-darwin-15/release/cxxstd-11-iso/threading-multi/visibility-hidden/zstd_static"  "bin.v2/standalone/ac/clang-darwin-15/release/cxxstd-11-iso/threading-multi/visibility-hidden/main-zstd_static.o"     -lzstd_static  -fPIC -std=c++11 -fvisibility=hidden -fvisibility-inlines-hidden --target=arm64-apple-darwin 

...failed clang-darwin.link bin.v2/standalone/ac/clang-darwin-15/release/cxxstd-11-iso/threading-multi/visibility-hidden/zstd_static...
...failed updating 1 target...
...updated 2 targets...
...found 5 targets...
...updating 3 targets...
clang-darwin.compile.c++ bin.v2/standalone/ac/clang-darwin-15/release/cxxstd-11-iso/threading-multi/visibility-hidden/main-libzstd.o
clang-darwin.link bin.v2/standalone/ac/clang-darwin-15/release/cxxstd-11-iso/threading-multi/visibility-hidden/libzstd
ld: library 'libzstd' not found
clang: error: linker command failed with exit code 1 (use -v to see invocation)

    "clang++"    -o "bin.v2/standalone/ac/clang-darwin-15/release/cxxstd-11-iso/threading-multi/visibility-hidden/libzstd"  "bin.v2/standalone/ac/clang-darwin-15/release/cxxstd-11-iso/threading-multi/visibility-hidden/main-libzstd.o"     -llibzstd  -fPIC -std=c++11 -fvisibility=hidden -fvisibility-inlines-hidden --target=arm64-apple-darwin 

...failed clang-darwin.link bin.v2/standalone/ac/clang-darwin-15/release/cxxstd-11-iso/threading-multi/visibility-hidden/libzstd...
...failed updating 1 target...
...updated 2 targets...
...found 5 targets...
...updating 3 targets...
clang-darwin.compile.c++ bin.v2/standalone/ac/clang-darwin-15/release/cxxstd-11-iso/threading-multi/visibility-hidden/main-libzstd_static.o
clang-darwin.link bin.v2/standalone/ac/clang-darwin-15/release/cxxstd-11-iso/threading-multi/visibility-hidden/libzstd_static
ld: library 'libzstd_static' not found
clang: error: linker command failed with exit code 1 (use -v to see invocation)

    "clang++"    -o "bin.v2/standalone/ac/clang-darwin-15/release/cxxstd-11-iso/threading-multi/visibility-hidden/libzstd_static"  "bin.v2/standalone/ac/clang-darwin-15/release/cxxstd-11-iso/threading-multi/visibility-hidden/main-libzstd_static.o"     -llibzstd_static  -fPIC -std=c++11 -fvisibility=hidden -fvisibility-inlines-hidden --target=arm64-apple-darwin 

...failed clang-darwin.link bin.v2/standalone/ac/clang-darwin-15/release/cxxstd-11-iso/threading-multi/visibility-hidden/libzstd_static...
...failed updating 1 target...
...updated 2 targets...
...found 5 targets...
...updating 5 targets...
clang-darwin.compile.c++ bin.v2/standalone/ac/clang-darwin-15/release/cxxstd-11-iso/link-static/threading-multi/visibility-hidden/main-zstd.o
clang-darwin.link bin.v2/standalone/ac/clang-darwin-15/release/cxxstd-11-iso/link-static/threading-multi/visibility-hidden/zstd
ld: library 'zstd' not found
clang: error: linker command failed with exit code 1 (use -v to see invocation)

    "clang++"    -o "bin.v2/standalone/ac/clang-darwin-15/release/cxxstd-11-iso/link-static/threading-multi/visibility-hidden/zstd"  "bin.v2/standalone/ac/clang-darwin-15/release/cxxstd-11-iso/link-static/threading-multi/visibility-hidden/main-zstd.o"   -lzstd    -std=c++11 -fvisibility=hidden -fvisibility-inlines-hidden --target=arm64-apple-darwin 

...failed clang-darwin.link bin.v2/standalone/ac/clang-darwin-15/release/cxxstd-11-iso/link-static/threading-multi/visibility-hidden/zstd...
...failed updating 1 target...
...updated 4 targets...
...found 2 targets...
...updating 2 targets...
clang-darwin.compile.c++ bin.v2/standalone/ac/clang-darwin-15/release/cxxstd-11-iso/link-static/threading-multi/visibility-hidden/main-zstd_static.o
clang-darwin.link bin.v2/standalone/ac/clang-darwin-15/release/cxxstd-11-iso/link-static/threading-multi/visibility-hidden/zstd_static
ld: library 'zstd_static' not found
clang: error: linker command failed with exit code 1 (use -v to see invocation)

    "clang++"    -o "bin.v2/standalone/ac/clang-darwin-15/release/cxxstd-11-iso/link-static/threading-multi/visibility-hidden/zstd_static"  "bin.v2/standalone/ac/clang-darwin-15/release/cxxstd-11-iso/link-static/threading-multi/visibility-hidden/main-zstd_static.o"   -lzstd_static    -std=c++11 -fvisibility=hidden -fvisibility-inlines-hidden --target=arm64-apple-darwin 

...failed clang-darwin.link bin.v2/standalone/ac/clang-darwin-15/release/cxxstd-11-iso/link-static/threading-multi/visibility-hidden/zstd_static...
...failed updating 1 target...
...updated 1 target...
...found 2 targets...
...updating 2 targets...
clang-darwin.compile.c++ bin.v2/standalone/ac/clang-darwin-15/release/cxxstd-11-iso/link-static/threading-multi/visibility-hidden/main-libzstd.o
clang-darwin.link bin.v2/standalone/ac/clang-darwin-15/release/cxxstd-11-iso/link-static/threading-multi/visibility-hidden/libzstd
ld: library 'libzstd' not found
clang: error: linker command failed with exit code 1 (use -v to see invocation)

    "clang++"    -o "bin.v2/standalone/ac/clang-darwin-15/release/cxxstd-11-iso/link-static/threading-multi/visibility-hidden/libzstd"  "bin.v2/standalone/ac/clang-darwin-15/release/cxxstd-11-iso/link-static/threading-multi/visibility-hidden/main-libzstd.o"   -llibzstd    -std=c++11 -fvisibility=hidden -fvisibility-inlines-hidden --target=arm64-apple-darwin 

...failed clang-darwin.link bin.v2/standalone/ac/clang-darwin-15/release/cxxstd-11-iso/link-static/threading-multi/visibility-hidden/libzstd...
...failed updating 1 target...
...updated 1 target...
...found 2 targets...
...updating 2 targets...
clang-darwin.compile.c++ bin.v2/standalone/ac/clang-darwin-15/release/cxxstd-11-iso/link-static/threading-multi/visibility-hidden/main-libzstd_static.o
clang-darwin.link bin.v2/standalone/ac/clang-darwin-15/release/cxxstd-11-iso/link-static/threading-multi/visibility-hidden/libzstd_static
ld: library 'libzstd_static' not found
clang: error: linker command failed with exit code 1 (use -v to see invocation)

    "clang++"    -o "bin.v2/standalone/ac/clang-darwin-15/release/cxxstd-11-iso/link-static/threading-multi/visibility-hidden/libzstd_static"  "bin.v2/standalone/ac/clang-darwin-15/release/cxxstd-11-iso/link-static/threading-multi/visibility-hidden/main-libzstd_static.o"   -llibzstd_static    -std=c++11 -fvisibility=hidden -fvisibility-inlines-hidden --target=arm64-apple-darwin 

...failed clang-darwin.link bin.v2/standalone/ac/clang-darwin-15/release/cxxstd-11-iso/link-static/threading-multi/visibility-hidden/libzstd_static...
...failed updating 1 target...
...updated 1 target...
...found 11 targets...
...updating 9 targets...
clang-darwin.compile.c++ bin.v2/libs/iostreams/build/clang-darwin-15/release/cxxstd-11-iso/threading-multi/visibility-hidden/has_lzma_cputhreads.o
libs/iostreams/src/../build/has_lzma_cputhreads.cpp:5:10: fatal error: 'lzma.h' file not found
#include <lzma.h>
         ^~~~~~~~
1 error generated.

    "clang++"   -std=c++11 -fvisibility-inlines-hidden -fPIC -O3 -Wall -fvisibility=hidden -Wno-inline --target=arm64-apple-darwin  -DBOOST_ALL_NO_LIB=1 -DBOOST_COBALT_USE_STD_PMR=1 -DNDEBUG   -I"."  -c -o "bin.v2/libs/iostreams/build/clang-darwin-15/release/cxxstd-11-iso/threading-multi/visibility-hidden/has_lzma_cputhreads.o" "libs/iostreams/src/../build/has_lzma_cputhreads.cpp"

...failed clang-darwin.compile.c++ bin.v2/libs/iostreams/build/clang-darwin-15/release/cxxstd-11-iso/threading-multi/visibility-hidden/has_lzma_cputhreads.o...
...skipped <pbin.v2/libs/iostreams/build/clang-darwin-15/release/cxxstd-11-iso/threading-multi/visibility-hidden>has_lzma_cputhreads for lack of <pbin.v2/libs/iostreams/build/clang-darwin-15/release/cxxstd-11-iso/threading-multi/visibility-hidden>has_lzma_cputhreads.o...
...failed updating 1 target...
...skipped 1 target...
...updated 7 targets...
...found 1 target...
...updating 1 target...
clang-darwin.compile.c++ bin.v2/libs/config/checks/clang-darwin-15/release/cxxstd-11-iso/threading-multi/visibility-hidden/cxx11_decltype.o
...updated 1 target...
...found 9 targets...
...updating 8 targets...
clang-darwin.compile.c++ bin.v2/libs/json/build/clang-darwin-15/release/cxxstd-11-iso/threading-multi/visibility-hidden/cxx11_basic_alignas.o
...updated 8 targets...
...found 11 targets...
...updating 9 targets...
clang-darwin.compile.c++ bin.v2/libs/locale/build/clang-darwin-15/release/cxxstd-11-iso/threading-multi/visibility-hidden/has_iconv.o
clang-darwin.link bin.v2/libs/locale/build/clang-darwin-15/release/cxxstd-11-iso/threading-multi/visibility-hidden/has_iconv
Undefined symbols for architecture arm64:
  "_iconv_open", referenced from:
      _main in has_iconv.o
ld: symbol(s) not found for architecture arm64
clang: error: linker command failed with exit code 1 (use -v to see invocation)

    "clang++"    -o "bin.v2/libs/locale/build/clang-darwin-15/release/cxxstd-11-iso/threading-multi/visibility-hidden/has_iconv"  "bin.v2/libs/locale/build/clang-darwin-15/release/cxxstd-11-iso/threading-multi/visibility-hidden/has_iconv.o"       -fPIC -std=c++11 -fvisibility=hidden -fvisibility-inlines-hidden --target=arm64-apple-darwin 

...failed clang-darwin.link bin.v2/libs/locale/build/clang-darwin-15/release/cxxstd-11-iso/threading-multi/visibility-hidden/has_iconv...
...failed updating 1 target...
...updated 8 targets...
...found 2 targets...
...updating 2 targets...
clang-darwin.compile.c++ bin.v2/libs/locale/build/clang-darwin-15/release/cxxstd-11-iso/threading-multi/visibility-hidden/has_external_iconv_obj.o
clang-darwin.link bin.v2/libs/locale/build/clang-darwin-15/release/cxxstd-11-iso/threading-multi/visibility-hidden/has_external_iconv
...updated 2 targets...
...found 4 targets...
...updating 2 targets...
clang-darwin.compile.c++ bin.v2/libs/locale/build/clang-darwin-15/release/cxxstd-11-iso/threading-multi/visibility-hidden/has_icu_test.o
/Users/enzo/mylibs/boost_1_84_0/libs/locale/build/has_icu_test.cpp:6:10: fatal error: 'unicode/coll.h' file not found
#include <unicode/coll.h>
         ^~~~~~~~~~~~~~~~
1 error generated.

    "clang++"   -std=c++11 -fvisibility-inlines-hidden -fPIC -O3 -Wall -fvisibility=hidden -Wno-inline --target=arm64-apple-darwin  -DBOOST_ALL_NO_LIB=1 -DBOOST_COBALT_USE_STD_PMR=1 -DNDEBUG   -I"."  -c -o "bin.v2/libs/locale/build/clang-darwin-15/release/cxxstd-11-iso/threading-multi/visibility-hidden/has_icu_test.o" "/Users/enzo/mylibs/boost_1_84_0/libs/locale/build/has_icu_test.cpp"

...failed clang-darwin.compile.c++ bin.v2/libs/locale/build/clang-darwin-15/release/cxxstd-11-iso/threading-multi/visibility-hidden/has_icu_test.o...
...skipped <pbin.v2/libs/locale/build/clang-darwin-15/release/cxxstd-11-iso/threading-multi/visibility-hidden>has_icu for lack of <pbin.v2/libs/locale/build/clang-darwin-15/release/cxxstd-11-iso/threading-multi/visibility-hidden>has_icu_test.o...
...failed updating 1 target...
...skipped 1 target...
...found 1 target...
...updating 1 target...
clang-darwin.compile.c++ bin.v2/libs/config/checks/clang-darwin-15/release/cxxstd-11-iso/threading-multi/visibility-hidden/cxx11_defaulted_moves.o
...updated 1 target...
...found 1 target...
...updating 1 target...
clang-darwin.compile.c++ bin.v2/libs/config/checks/clang-darwin-15/release/cxxstd-11-iso/threading-multi/visibility-hidden/cxx11_hdr_functional.o
...updated 1 target...
...found 1 target...
...updating 1 target...
clang-darwin.compile.c++ bin.v2/libs/config/checks/clang-darwin-15/release/cxxstd-11-iso/threading-multi/visibility-hidden/cxx11_hdr_type_traits.o
...updated 1 target...
...found 1 target...
...updating 1 target...
clang-darwin.compile.c++ bin.v2/libs/config/checks/clang-darwin-15/release/cxxstd-11-iso/threading-multi/visibility-hidden/cxx11_override.o
...updated 1 target...
...found 1 target...
...updating 1 target...
clang-darwin.compile.c++ bin.v2/libs/config/checks/clang-darwin-15/release/cxxstd-11-iso/threading-multi/visibility-hidden/cxx11_range_based_for.o
...updated 1 target...
...found 1 target...
...updating 1 target...
clang-darwin.compile.c++ bin.v2/libs/config/checks/clang-darwin-15/release/cxxstd-11-iso/threading-multi/visibility-hidden/cxx11_scoped_enums.o
...updated 1 target...
...found 1 target...
...updating 1 target...
clang-darwin.compile.c++ bin.v2/libs/config/checks/clang-darwin-15/release/cxxstd-11-iso/threading-multi/visibility-hidden/cxx11_smart_ptr.o
...updated 1 target...
...found 195 targets...
...updating 10 targets...
clang-darwin.compile.c++ bin.v2/libs/log/config/atomic-int32/clang-darwin-15/release/cxxstd-11-iso/pch-off/threading-multi/visibility-hidden/atomic_int32.o
...updated 10 targets...
...found 10 targets...
...updating 8 targets...
clang-darwin.compile.c++ bin.v2/libs/log/config/native-syslog/clang-darwin-15/release/cxxstd-11-iso/pch-off/threading-multi/visibility-hidden/native_syslog.o
...updated 8 targets...
...found 9 targets...
...updating 8 targets...
clang-darwin.compile.c++ bin.v2/libs/log/config/pthread-mutex-robust/clang-darwin-15/release/cxxstd-11-iso/pch-off/threading-multi/visibility-hidden/pthread_mutex_robust.o
/Users/enzo/mylibs/boost_1_84_0/libs/log/config/pthread-mutex-robust/pthread_mutex_robust.cpp:17:40: error: use of undeclared identifier 'PTHREAD_MUTEX_ROBUST'
    pthread_mutexattr_setrobust(&attr, PTHREAD_MUTEX_ROBUST);
                                       ^
/Users/enzo/mylibs/boost_1_84_0/libs/log/config/pthread-mutex-robust/pthread_mutex_robust.cpp:26:15: error: use of undeclared identifier 'pthread_mutex_consistent'; did you mean 'pthread_mutex_destroy'?
        err = pthread_mutex_consistent(&m);
              ^~~~~~~~~~~~~~~~~~~~~~~~
              pthread_mutex_destroy
/Applications/Xcode.app/Contents/Developer/Platforms/MacOSX.platform/Developer/SDKs/MacOSX.sdk/usr/include/pthread.h:381:5: note: 'pthread_mutex_destroy' declared here
int pthread_mutex_destroy(pthread_mutex_t *);
    ^
2 errors generated.

    "clang++"   -std=c++11 -fvisibility-inlines-hidden -fPIC -O3 -Wall -fvisibility=hidden -Wno-inline --target=arm64-apple-darwin  -DBOOST_ALL_NO_LIB=1 -DBOOST_COBALT_USE_STD_PMR=1 -DNDEBUG   -I"."  -c -o "bin.v2/libs/log/config/pthread-mutex-robust/clang-darwin-15/release/cxxstd-11-iso/pch-off/threading-multi/visibility-hidden/pthread_mutex_robust.o" "/Users/enzo/mylibs/boost_1_84_0/libs/log/config/pthread-mutex-robust/pthread_mutex_robust.cpp"

...failed clang-darwin.compile.c++ bin.v2/libs/log/config/pthread-mutex-robust/clang-darwin-15/release/cxxstd-11-iso/pch-off/threading-multi/visibility-hidden/pthread_mutex_robust.o...
...failed updating 1 target...
...updated 7 targets...
...found 147 targets...
...updating 8 targets...
clang-darwin.compile.c++ bin.v2/libs/log/config/regex-header-only/clang-darwin-15/release/cxxstd-11-iso/pch-off/threading-multi/visibility-hidden/regex_header_only.o
...updated 8 targets...
...found 12 targets...
...updating 9 targets...
clang-darwin.compile.c++ bin.v2/libs/thread/build/clang-darwin-15/release/cxxstd-11-iso/threading-multi/visibility-hidden/has_atomic_flag_lockfree_test.o
clang-darwin.link bin.v2/libs/thread/build/clang-darwin-15/release/cxxstd-11-iso/threading-multi/visibility-hidden/has_atomic_flag_lockfree
...updated 9 targets...
...found 9 targets...
...updating 8 targets...
clang-darwin.compile.c++ bin.v2/libs/math/config/clang-darwin-15/release/cxxstd-11-iso/threading-multi/visibility-hidden/has_gcc_visibility.o
...updated 8 targets...
...found 1 target...
...updating 1 target...
clang-darwin.compile.c++ bin.v2/libs/config/checks/clang-darwin-15/release/cxxstd-11-iso/threading-multi/visibility-hidden/sfinae_expr.o
...updated 1 target...
...found 1 target...
...updating 1 target...
clang-darwin.compile.c++ bin.v2/libs/config/checks/clang-darwin-15/release/cxxstd-11-iso/threading-multi/visibility-hidden/cxx11_unified_initialization_syntax.o
...updated 1 target...
...found 1 target...
...updating 1 target...
clang-darwin.compile.c++ bin.v2/libs/config/checks/clang-darwin-15/release/cxxstd-11-iso/threading-multi/visibility-hidden/cxx11_hdr_initializer_list.o
...updated 1 target...
...found 1 target...
...updating 1 target...
clang-darwin.compile.c++ bin.v2/libs/config/checks/clang-darwin-15/release/cxxstd-11-iso/threading-multi/visibility-hidden/cxx11_hdr_chrono.o
...updated 1 target...
...found 1 target...
...updating 1 target...
clang-darwin.compile.c++ bin.v2/libs/config/checks/clang-darwin-15/release/cxxstd-11-iso/threading-multi/visibility-hidden/cxx11_numeric_limits.o
...updated 1 target...
...found 1 target...
...updating 1 target...
clang-darwin.compile.c++ bin.v2/libs/config/checks/clang-darwin-15/release/cxxstd-11-iso/threading-multi/visibility-hidden/cxx11_hdr_array.o
...updated 1 target...
...found 1 target...
...updating 1 target...
clang-darwin.compile.c++ bin.v2/libs/config/checks/clang-darwin-15/release/cxxstd-11-iso/threading-multi/visibility-hidden/cxx11_hdr_atomic.o
...updated 1 target...
...found 1 target...
...updating 1 target...
clang-darwin.compile.c++ bin.v2/libs/config/checks/clang-darwin-15/release/cxxstd-11-iso/threading-multi/visibility-hidden/cxx11_allocator.o
...updated 1 target...
...found 1 target...
...updating 1 target...
clang-darwin.compile.c++ bin.v2/libs/config/checks/clang-darwin-15/release/cxxstd-11-iso/threading-multi/visibility-hidden/cxx11_explicit_conversion_operators.o
...updated 1 target...
...found 9 targets...
...updating 1 target...
clang-darwin.compile.c++ bin.v2/libs/math/config/clang-darwin-15/release/cxxstd-11-iso/threading-multi/visibility-hidden/has_long_double_support.o
In file included from libs/math/config/has_long_double_support.cpp:6:
./boost/math/tools/config.hpp:23:6: warning: "The minimum language standard to use Boost.Math will be C++14 starting in July 2023 (Boost 1.82 release)" [-W#warnings]
#    warning "The minimum language standard to use Boost.Math will be C++14 starting in July 2023 (Boost 1.82 release)"
     ^
1 warning generated.
...updated 1 target...
...found 1 target...
...updating 1 target...
clang-darwin.compile.c++ bin.v2/libs/config/checks/clang-darwin-15/release/cxxstd-11-iso/threading-multi/visibility-hidden/cxx11_char16_t.o
...updated 1 target...
...found 1 target...
...updating 1 target...
clang-darwin.compile.c++ bin.v2/libs/config/checks/clang-darwin-15/release/cxxstd-11-iso/threading-multi/visibility-hidden/cxx11_char32_t.o
...updated 1 target...
...found 11 targets...
...updating 9 targets...
clang-darwin.compile.c++ bin.v2/libs/nowide/config/clang-darwin-15/release/cxxstd-11-iso/threading-multi/visibility-hidden/check_lfs_support.o
clang-darwin.link bin.v2/libs/nowide/config/clang-darwin-15/release/cxxstd-11-iso/threading-multi/visibility-hidden/lfs_support
...updated 9 targets...
...found 2 targets...
...updating 1 target...
clang-darwin.compile.c++ bin.v2/libs/nowide/config/clang-darwin-15/release/cxxstd-11-iso/threading-multi/visibility-hidden/attribute_init_priority.o
...updated 1 target...
...found 1 target...
...updating 1 target...
clang-darwin.compile.c++ bin.v2/libs/config/checks/clang-darwin-15/release/cxxstd-11-iso/threading-multi/visibility-hidden/std_wstreambuf.o
...updated 1 target...
...found 4 targets...
...updating 4 targets...
clang-darwin.compile.c++ bin.v2/libs/config/checks/clang-darwin-15/release/cxxstd-11-iso/link-static/threading-multi/visibility-hidden/cxx11_rvalue_references.o
...updated 4 targets...
...found 13 targets...
...updating 10 targets...
clang-darwin.compile.c++ bin.v2/libs/stacktrace/build/clang-darwin-15/release/cxxstd-11-iso/threading-multi/visibility-hidden/has_backtrace.o
libs/stacktrace/build/has_backtrace.cpp:10:13: fatal error: 'backtrace.h' file not found
#   include <backtrace.h>
            ^~~~~~~~~~~~~
1 error generated.

    "clang++"   -std=c++11 -fvisibility-inlines-hidden -fPIC -O3 -Wall -fvisibility=hidden -Wno-inline --target=arm64-apple-darwin  -DBOOST_ALL_NO_LIB=1 -DBOOST_COBALT_USE_STD_PMR=1 -DNDEBUG   -I"."  -c -o "bin.v2/libs/stacktrace/build/clang-darwin-15/release/cxxstd-11-iso/threading-multi/visibility-hidden/has_backtrace.o" "libs/stacktrace/build/has_backtrace.cpp"

...failed clang-darwin.compile.c++ bin.v2/libs/stacktrace/build/clang-darwin-15/release/cxxstd-11-iso/threading-multi/visibility-hidden/has_backtrace.o...
...skipped <pbin.v2/libs/stacktrace/build/clang-darwin-15/release/cxxstd-11-iso/threading-multi/visibility-hidden>libbacktrace_exe for lack of <pbin.v2/libs/stacktrace/build/clang-darwin-15/release/cxxstd-11-iso/threading-multi/visibility-hidden>has_backtrace.o...
...skipped <pbin.v2/libs/stacktrace/build/clang-darwin-15/release/cxxstd-11-iso/threading-multi/visibility-hidden>libbacktrace.output for lack of <pbin.v2/libs/stacktrace/build/clang-darwin-15/release/cxxstd-11-iso/threading-multi/visibility-hidden>libbacktrace_exe...
...failed updating 1 target...
...skipped 2 targets...
...updated 7 targets...
...found 5 targets...
...updating 3 targets...
clang-darwin.compile.c++ bin.v2/libs/stacktrace/build/clang-darwin-15/release/cxxstd-11-iso/threading-multi/visibility-hidden/has_addr2line.o
clang-darwin.link bin.v2/libs/stacktrace/build/clang-darwin-15/release/cxxstd-11-iso/threading-multi/visibility-hidden/addr2line_exe
Jamfile</Users/enzo/mylibs/boost_1_84_0/libs/stacktrace/build>.mp_simple_run_action bin.v2/libs/stacktrace/build/clang-darwin-15/release/cxxstd-11-iso/threading-multi/visibility-hidden/addr2line.output
sh: /usr/bin/addr2line: No such file or directory
...updated 3 targets...
...found 5 targets...
...updating 3 targets...
clang-darwin.compile.c++ bin.v2/libs/stacktrace/build/clang-darwin-15/release/cxxstd-11-iso/threading-multi/visibility-hidden/has_windbg.o
libs/stacktrace/build/has_windbg.cpp:8:10: fatal error: 'windows.h' file not found
#include <windows.h>
         ^~~~~~~~~~~
1 error generated.

    "clang++"   -std=c++11 -fvisibility-inlines-hidden -fPIC -O3 -Wall -fvisibility=hidden -Wno-inline --target=arm64-apple-darwin  -DBOOST_ALL_NO_LIB=1 -DBOOST_COBALT_USE_STD_PMR=1 -DNDEBUG   -I"."  -c -o "bin.v2/libs/stacktrace/build/clang-darwin-15/release/cxxstd-11-iso/threading-multi/visibility-hidden/has_windbg.o" "libs/stacktrace/build/has_windbg.cpp"

...failed clang-darwin.compile.c++ bin.v2/libs/stacktrace/build/clang-darwin-15/release/cxxstd-11-iso/threading-multi/visibility-hidden/has_windbg.o...
...skipped <pbin.v2/libs/stacktrace/build/clang-darwin-15/release/cxxstd-11-iso/threading-multi/visibility-hidden>WinDbg_exe for lack of <pbin.v2/libs/stacktrace/build/clang-darwin-15/release/cxxstd-11-iso/threading-multi/visibility-hidden>has_windbg.o...
...skipped <pbin.v2/libs/stacktrace/build/clang-darwin-15/release/cxxstd-11-iso/threading-multi/visibility-hidden>WinDbg.output for lack of <pbin.v2/libs/stacktrace/build/clang-darwin-15/release/cxxstd-11-iso/threading-multi/visibility-hidden>WinDbg_exe...
...failed updating 1 target...
...skipped 2 targets...
...found 4 targets...
...updating 3 targets...
clang-darwin.compile.c++ bin.v2/libs/stacktrace/build/clang-darwin-15/release/cxxstd-11-iso/threading-multi/visibility-hidden/has_windbg_cached.o
libs/stacktrace/build/has_windbg_cached.cpp:11:10: fatal error: 'windows.h' file not found
#include <windows.h>
         ^~~~~~~~~~~
1 error generated.

    "clang++"   -std=c++11 -fvisibility-inlines-hidden -fPIC -O3 -Wall -fvisibility=hidden -Wno-inline --target=arm64-apple-darwin  -DBOOST_ALL_NO_LIB=1 -DBOOST_COBALT_USE_STD_PMR=1 -DNDEBUG   -I"."  -c -o "bin.v2/libs/stacktrace/build/clang-darwin-15/release/cxxstd-11-iso/threading-multi/visibility-hidden/has_windbg_cached.o" "libs/stacktrace/build/has_windbg_cached.cpp"

...failed clang-darwin.compile.c++ bin.v2/libs/stacktrace/build/clang-darwin-15/release/cxxstd-11-iso/threading-multi/visibility-hidden/has_windbg_cached.o...
...skipped <pbin.v2/libs/stacktrace/build/clang-darwin-15/release/cxxstd-11-iso/threading-multi/visibility-hidden>WinDbgCached_exe for lack of <pbin.v2/libs/stacktrace/build/clang-darwin-15/release/cxxstd-11-iso/threading-multi/visibility-hidden>has_windbg_cached.o...
...skipped <pbin.v2/libs/stacktrace/build/clang-darwin-15/release/cxxstd-11-iso/threading-multi/visibility-hidden>WinDbgCached.output for lack of <pbin.v2/libs/stacktrace/build/clang-darwin-15/release/cxxstd-11-iso/threading-multi/visibility-hidden>WinDbgCached_exe...
...failed updating 1 target...
...skipped 2 targets...
...found 168 targets...
...updating 8 targets...
clang-darwin.compile.c++ bin.v2/check/predef/clang-darwin-15/release/cxxstd-11-iso/threading-multi/visibility-hidden/predef_check_cc_09a06289f4560e2f553bb0cbbec71436.o
In file included from /Users/enzo/mylibs/boost_1_84_0/libs/predef/tools/check/predef_check_cc_as_cpp.cpp:7:
/Users/enzo/mylibs/boost_1_84_0/libs/predef/tools/check/predef_check_cc.h:7:10: fatal error: 'boost/predef.h' file not found
#include <boost/predef.h>
         ^~~~~~~~~~~~~~~~
1 error generated.

    "clang++"   -std=c++11 -fvisibility-inlines-hidden -fPIC -O3 -Wall -fvisibility=hidden -Wno-inline --target=arm64-apple-darwin  -DBOOST_COBALT_USE_STD_PMR=1 -DCHECK="BOOST_COMP_GNUC >= BOOST_VERSION_NUMBER(4,3,0)" -DNDEBUG   -I"/Users/enzo/mylibs/boost_1_84_0/libs/predef/include"  -c -o "bin.v2/check/predef/clang-darwin-15/release/cxxstd-11-iso/threading-multi/visibility-hidden/predef_check_cc_09a06289f4560e2f553bb0cbbec71436.o" "/Users/enzo/mylibs/boost_1_84_0/libs/predef/tools/check/predef_check_cc_as_cpp.cpp"

...failed clang-darwin.compile.c++ bin.v2/check/predef/clang-darwin-15/release/cxxstd-11-iso/threading-multi/visibility-hidden/predef_check_cc_09a06289f4560e2f553bb0cbbec71436.o...
...failed updating 1 target...
...updated 7 targets...
...found 4 targets...
...updating 4 targets...
clang-darwin.compile.c++ bin.v2/check/predef/clang-darwin-15/release/cxxstd-11-iso/link-static/threading-multi/visibility-hidden/predef_check_cc_09a06289f4560e2f553bb0cbbec71436.o
In file included from /Users/enzo/mylibs/boost_1_84_0/libs/predef/tools/check/predef_check_cc_as_cpp.cpp:7:
/Users/enzo/mylibs/boost_1_84_0/libs/predef/tools/check/predef_check_cc.h:7:10: fatal error: 'boost/predef.h' file not found
#include <boost/predef.h>
         ^~~~~~~~~~~~~~~~
1 error generated.

    "clang++"   -std=c++11 -fvisibility-inlines-hidden -O3 -Wall -fvisibility=hidden -Wno-inline --target=arm64-apple-darwin  -DBOOST_COBALT_USE_STD_PMR=1 -DCHECK="BOOST_COMP_GNUC >= BOOST_VERSION_NUMBER(4,3,0)" -DNDEBUG   -I"/Users/enzo/mylibs/boost_1_84_0/libs/predef/include"  -c -o "bin.v2/check/predef/clang-darwin-15/release/cxxstd-11-iso/link-static/threading-multi/visibility-hidden/predef_check_cc_09a06289f4560e2f553bb0cbbec71436.o" "/Users/enzo/mylibs/boost_1_84_0/libs/predef/tools/check/predef_check_cc_as_cpp.cpp"

...failed clang-darwin.compile.c++ bin.v2/check/predef/clang-darwin-15/release/cxxstd-11-iso/link-static/threading-multi/visibility-hidden/predef_check_cc_09a06289f4560e2f553bb0cbbec71436.o...
...failed updating 1 target...
...updated 3 targets...
...found 1 target...
...updating 1 target...
clang-darwin.compile.c++ bin.v2/libs/config/checks/clang-darwin-15/release/cxxstd-11-iso/threading-multi/visibility-hidden/cxx11_hdr_thread.o
...updated 1 target...
...found 1 target...
...updating 1 target...
clang-darwin.compile.c++ bin.v2/libs/config/checks/clang-darwin-15/release/cxxstd-11-iso/threading-multi/visibility-hidden/cxx11_hdr_regex.o
...updated 1 target...
...found 1 target...
...updating 1 target...
clang-darwin.compile.c++ bin.v2/libs/config/checks/clang-darwin-15/release/cxxstd-11-iso/link-static/threading-multi/visibility-hidden/cxx11_static_assert.o
...updated 1 target...
...found 1 target...
...updating 1 target...
clang-darwin.compile.c++ bin.v2/libs/config/checks/clang-darwin-15/release/cxxstd-11-iso/link-static/threading-multi/visibility-hidden/cxx20_hdr_concepts.o
libs/config/checks/test_case.cpp:651:7: error: "Defect macro BOOST_NO_CXX20_HDR_CONCEPTS is defined."
#     error "Defect macro BOOST_NO_CXX20_HDR_CONCEPTS is defined."
      ^
1 error generated.

    "clang++"   -std=c++11 -fvisibility-inlines-hidden -O3 -Wall -fvisibility=hidden -Wno-inline --target=arm64-apple-darwin  -DBOOST_ALL_NO_LIB=1 -DBOOST_COBALT_USE_STD_PMR=1 -DNDEBUG -DTEST_BOOST_NO_CXX20_HDR_CONCEPTS   -I"."  -c -o "bin.v2/libs/config/checks/clang-darwin-15/release/cxxstd-11-iso/link-static/threading-multi/visibility-hidden/cxx20_hdr_concepts.o" "libs/config/checks/test_case.cpp"

...failed clang-darwin.compile.c++ bin.v2/libs/config/checks/clang-darwin-15/release/cxxstd-11-iso/link-static/threading-multi/visibility-hidden/cxx20_hdr_concepts.o...
...failed updating 1 target...
...found 4 targets...
...updating 4 targets...
clang-darwin.compile.c++ bin.v2/libs/filesystem/config/clang-darwin-15/release/cxxstd-11-iso/link-static/threading-multi/visibility-hidden/has_cxx20_atomic_ref.o
libs/filesystem/config/has_cxx20_atomic_ref.cpp:15:10: error: no member named 'atomic_ref' in namespace 'std'
    std::atomic_ref< func_t* > ref(func);
    ~~~~~^
libs/filesystem/config/has_cxx20_atomic_ref.cpp:15:22: error: unexpected type name 'func_t': expected expression
    std::atomic_ref< func_t* > ref(func);
                     ^
libs/filesystem/config/has_cxx20_atomic_ref.cpp:15:30: error: expected expression
    std::atomic_ref< func_t* > ref(func);
                             ^
libs/filesystem/config/has_cxx20_atomic_ref.cpp:15:32: error: use of undeclared identifier 'ref'
    std::atomic_ref< func_t* > ref(func);
                               ^
libs/filesystem/config/has_cxx20_atomic_ref.cpp:16:5: error: use of undeclared identifier 'ref'
    ref.load(std::memory_order_relaxed);
    ^
libs/filesystem/config/has_cxx20_atomic_ref.cpp:17:5: error: use of undeclared identifier 'ref'
    ref.store((func_t*)0, std::memory_order_relaxed);
    ^
6 errors generated.

    "clang++"   -std=c++11 -fvisibility-inlines-hidden -O3 -Wall -fvisibility=hidden -Wno-inline --target=arm64-apple-darwin  -DBOOST_ALL_NO_LIB=1 -DBOOST_COBALT_USE_STD_PMR=1 -DNDEBUG   -I"." -I"libs/filesystem/src"  -c -o "bin.v2/libs/filesystem/config/clang-darwin-15/release/cxxstd-11-iso/link-static/threading-multi/visibility-hidden/has_cxx20_atomic_ref.o" "libs/filesystem/config/has_cxx20_atomic_ref.cpp"

...failed clang-darwin.compile.c++ bin.v2/libs/filesystem/config/clang-darwin-15/release/cxxstd-11-iso/link-static/threading-multi/visibility-hidden/has_cxx20_atomic_ref.o...
...failed updating 1 target...
...updated 3 targets...
...found 1 target...
...updating 1 target...
clang-darwin.compile.c++ bin.v2/libs/filesystem/config/clang-darwin-15/release/cxxstd-11-iso/link-static/threading-multi/visibility-hidden/has_statx.o
libs/filesystem/config/has_statx.cpp:17:18: error: variable has incomplete type 'struct statx'
    struct statx st;
                 ^
libs/filesystem/config/has_statx.cpp:17:12: note: forward declaration of 'statx'
    struct statx st;
           ^
libs/filesystem/config/has_statx.cpp:18:58: error: use of undeclared identifier 'AT_NO_AUTOMOUNT'
    int res = statx(AT_FDCWD, ".", AT_SYMLINK_NOFOLLOW | AT_NO_AUTOMOUNT, STATX_BTIME, &st);
                                                         ^
libs/filesystem/config/has_statx.cpp:18:75: error: use of undeclared identifier 'STATX_BTIME'
    int res = statx(AT_FDCWD, ".", AT_SYMLINK_NOFOLLOW | AT_NO_AUTOMOUNT, STATX_BTIME, &st);
                                                                          ^
3 errors generated.

    "clang++"   -std=c++11 -fvisibility-inlines-hidden -O3 -Wall -fvisibility=hidden -Wno-inline --target=arm64-apple-darwin  -DBOOST_ALL_NO_LIB=1 -DBOOST_COBALT_USE_STD_PMR=1 -DNDEBUG   -I"." -I"libs/filesystem/src"  -c -o "bin.v2/libs/filesystem/config/clang-darwin-15/release/cxxstd-11-iso/link-static/threading-multi/visibility-hidden/has_statx.o" "libs/filesystem/config/has_statx.cpp"

...failed clang-darwin.compile.c++ bin.v2/libs/filesystem/config/clang-darwin-15/release/cxxstd-11-iso/link-static/threading-multi/visibility-hidden/has_statx.o...
...failed updating 1 target...
...found 1 target...
...updating 1 target...
clang-darwin.compile.c++ bin.v2/libs/filesystem/config/clang-darwin-15/release/cxxstd-11-iso/link-static/threading-multi/visibility-hidden/has_statx_syscall.o
libs/filesystem/config/has_statx_syscall.cpp:11:10: fatal error: 'linux/stat.h' file not found
#include <linux/stat.h>
         ^~~~~~~~~~~~~~
1 error generated.

    "clang++"   -std=c++11 -fvisibility-inlines-hidden -O3 -Wall -fvisibility=hidden -Wno-inline --target=arm64-apple-darwin  -DBOOST_ALL_NO_LIB=1 -DBOOST_COBALT_USE_STD_PMR=1 -DNDEBUG   -I"." -I"libs/filesystem/src"  -c -o "bin.v2/libs/filesystem/config/clang-darwin-15/release/cxxstd-11-iso/link-static/threading-multi/visibility-hidden/has_statx_syscall.o" "libs/filesystem/config/has_statx_syscall.cpp"

...failed clang-darwin.compile.c++ bin.v2/libs/filesystem/config/clang-darwin-15/release/cxxstd-11-iso/link-static/threading-multi/visibility-hidden/has_statx_syscall.o...
...failed updating 1 target...
...found 1 target...
...updating 1 target...
clang-darwin.compile.c++ bin.v2/libs/filesystem/config/clang-darwin-15/release/cxxstd-11-iso/link-static/threading-multi/visibility-hidden/has_attribute_init_priority.o
...updated 1 target...
...found 1 target...
...updating 1 target...
clang-darwin.compile.c++ bin.v2/libs/filesystem/config/clang-darwin-15/release/cxxstd-11-iso/link-static/threading-multi/visibility-hidden/has_stat_st_mtim.o
libs/filesystem/config/has_stat_st_mtim.cpp:17:8: error: no member named 'st_mtim' in 'stat'
    st.st_mtim.tv_nsec = 10;
    ~~ ^
1 error generated.

    "clang++"   -std=c++11 -fvisibility-inlines-hidden -O3 -Wall -fvisibility=hidden -Wno-inline --target=arm64-apple-darwin  -DBOOST_ALL_NO_LIB=1 -DBOOST_COBALT_USE_STD_PMR=1 -DNDEBUG   -I"." -I"libs/filesystem/src"  -c -o "bin.v2/libs/filesystem/config/clang-darwin-15/release/cxxstd-11-iso/link-static/threading-multi/visibility-hidden/has_stat_st_mtim.o" "libs/filesystem/config/has_stat_st_mtim.cpp"

...failed clang-darwin.compile.c++ bin.v2/libs/filesystem/config/clang-darwin-15/release/cxxstd-11-iso/link-static/threading-multi/visibility-hidden/has_stat_st_mtim.o...
...failed updating 1 target...
...found 1 target...
...updating 1 target...
clang-darwin.compile.c++ bin.v2/libs/filesystem/config/clang-darwin-15/release/cxxstd-11-iso/link-static/threading-multi/visibility-hidden/has_stat_st_mtimensec.o
libs/filesystem/config/has_stat_st_mtimensec.cpp:17:8: error: no member named 'st_mtimensec' in 'stat'
    st.st_mtimensec = 10;
    ~~ ^
1 error generated.

    "clang++"   -std=c++11 -fvisibility-inlines-hidden -O3 -Wall -fvisibility=hidden -Wno-inline --target=arm64-apple-darwin  -DBOOST_ALL_NO_LIB=1 -DBOOST_COBALT_USE_STD_PMR=1 -DNDEBUG   -I"." -I"libs/filesystem/src"  -c -o "bin.v2/libs/filesystem/config/clang-darwin-15/release/cxxstd-11-iso/link-static/threading-multi/visibility-hidden/has_stat_st_mtimensec.o" "libs/filesystem/config/has_stat_st_mtimensec.cpp"

...failed clang-darwin.compile.c++ bin.v2/libs/filesystem/config/clang-darwin-15/release/cxxstd-11-iso/link-static/threading-multi/visibility-hidden/has_stat_st_mtimensec.o...
...failed updating 1 target...
...found 1 target...
...updating 1 target...
clang-darwin.compile.c++ bin.v2/libs/filesystem/config/clang-darwin-15/release/cxxstd-11-iso/link-static/threading-multi/visibility-hidden/has_stat_st_mtimespec.o
...updated 1 target...
...found 1 target...
...updating 1 target...
clang-darwin.compile.c++ bin.v2/libs/filesystem/config/clang-darwin-15/release/cxxstd-11-iso/link-static/threading-multi/visibility-hidden/has_stat_st_birthtim.o
libs/filesystem/config/has_stat_st_birthtim.cpp:17:8: error: no member named 'st_birthtim' in 'stat'
    st.st_birthtim.tv_sec = 1;
    ~~ ^
libs/filesystem/config/has_stat_st_birthtim.cpp:18:8: error: no member named 'st_birthtim' in 'stat'
    st.st_birthtim.tv_nsec = 10;
    ~~ ^
2 errors generated.

    "clang++"   -std=c++11 -fvisibility-inlines-hidden -O3 -Wall -fvisibility=hidden -Wno-inline --target=arm64-apple-darwin  -DBOOST_ALL_NO_LIB=1 -DBOOST_COBALT_USE_STD_PMR=1 -DNDEBUG   -I"." -I"libs/filesystem/src"  -c -o "bin.v2/libs/filesystem/config/clang-darwin-15/release/cxxstd-11-iso/link-static/threading-multi/visibility-hidden/has_stat_st_birthtim.o" "libs/filesystem/config/has_stat_st_birthtim.cpp"

...failed clang-darwin.compile.c++ bin.v2/libs/filesystem/config/clang-darwin-15/release/cxxstd-11-iso/link-static/threading-multi/visibility-hidden/has_stat_st_birthtim.o...
...failed updating 1 target...
...found 1 target...
...updating 1 target...
clang-darwin.compile.c++ bin.v2/libs/filesystem/config/clang-darwin-15/release/cxxstd-11-iso/link-static/threading-multi/visibility-hidden/has_stat_st_birthtimensec.o
libs/filesystem/config/has_stat_st_birthtimensec.cpp:18:8: error: no member named 'st_birthtimensec' in 'stat'
    st.st_birthtimensec = 10;
    ~~ ^
1 error generated.

    "clang++"   -std=c++11 -fvisibility-inlines-hidden -O3 -Wall -fvisibility=hidden -Wno-inline --target=arm64-apple-darwin  -DBOOST_ALL_NO_LIB=1 -DBOOST_COBALT_USE_STD_PMR=1 -DNDEBUG   -I"." -I"libs/filesystem/src"  -c -o "bin.v2/libs/filesystem/config/clang-darwin-15/release/cxxstd-11-iso/link-static/threading-multi/visibility-hidden/has_stat_st_birthtimensec.o" "libs/filesystem/config/has_stat_st_birthtimensec.cpp"

...failed clang-darwin.compile.c++ bin.v2/libs/filesystem/config/clang-darwin-15/release/cxxstd-11-iso/link-static/threading-multi/visibility-hidden/has_stat_st_birthtimensec.o...
...failed updating 1 target...
...found 1 target...
...updating 1 target...
clang-darwin.compile.c++ bin.v2/libs/filesystem/config/clang-darwin-15/release/cxxstd-11-iso/link-static/threading-multi/visibility-hidden/has_stat_st_birthtimespec.o
...updated 1 target...
...found 1 target...
...updating 1 target...
clang-darwin.compile.c++ bin.v2/libs/filesystem/config/clang-darwin-15/release/cxxstd-11-iso/link-static/threading-multi/visibility-hidden/has_fdopendir_nofollow.o
...updated 1 target...
...found 1 target...
...updating 1 target...
clang-darwin.compile.c++ bin.v2/libs/filesystem/config/clang-darwin-15/release/cxxstd-11-iso/link-static/threading-multi/visibility-hidden/has_dirent_d_type.o
...updated 1 target...
...found 1 target...
...updating 1 target...
clang-darwin.compile.c++ bin.v2/libs/filesystem/config/clang-darwin-15/release/cxxstd-11-iso/link-static/threading-multi/visibility-hidden/has_posix_at_apis.o
libs/filesystem/config/has_posix_at_apis.cpp:25:35: error: use of undeclared identifier 'AT_NO_AUTOMOUNT'
    res |= fstatat(fd1, "y", &st, AT_NO_AUTOMOUNT | AT_SYMLINK_NOFOLLOW);
                                  ^
1 error generated.

    "clang++"   -std=c++11 -fvisibility-inlines-hidden -O3 -Wall -fvisibility=hidden -Wno-inline --target=arm64-apple-darwin  -DBOOST_ALL_NO_LIB=1 -DBOOST_COBALT_USE_STD_PMR=1 -DNDEBUG   -I"." -I"libs/filesystem/src"  -c -o "bin.v2/libs/filesystem/config/clang-darwin-15/release/cxxstd-11-iso/link-static/threading-multi/visibility-hidden/has_posix_at_apis.o" "libs/filesystem/config/has_posix_at_apis.cpp"

...failed clang-darwin.compile.c++ bin.v2/libs/filesystem/config/clang-darwin-15/release/cxxstd-11-iso/link-static/threading-multi/visibility-hidden/has_posix_at_apis.o...
...failed updating 1 target...
...found 1 target...
...updating 1 target...
clang-darwin.compile.c++ bin.v2/libs/config/checks/clang-darwin-15/release/cxxstd-11-iso/link-static/threading-multi/visibility-hidden/cxx11_auto_declarations.o
...updated 1 target...
...found 1 target...
...updating 1 target...
clang-darwin.compile.c++ bin.v2/libs/config/checks/clang-darwin-15/release/cxxstd-11-iso/link-static/threading-multi/visibility-hidden/cxx11_constexpr.o
...updated 1 target...
...found 1 target...
...updating 1 target...
clang-darwin.compile.c++ bin.v2/libs/config/checks/clang-darwin-15/release/cxxstd-11-iso/link-static/threading-multi/visibility-hidden/cxx11_defaulted_functions.o
...updated 1 target...
...found 1 target...
...updating 1 target...
clang-darwin.compile.c++ bin.v2/libs/config/checks/clang-darwin-15/release/cxxstd-11-iso/link-static/threading-multi/visibility-hidden/cxx11_final.o
...updated 1 target...
...found 1 target...
...updating 1 target...
clang-darwin.compile.c++ bin.v2/libs/config/checks/clang-darwin-15/release/cxxstd-11-iso/link-static/threading-multi/visibility-hidden/cxx11_hdr_mutex.o
...updated 1 target...
...found 1 target...
...updating 1 target...
clang-darwin.compile.c++ bin.v2/libs/config/checks/clang-darwin-15/release/cxxstd-11-iso/link-static/threading-multi/visibility-hidden/cxx11_hdr_tuple.o
...updated 1 target...
...found 1 target...
...updating 1 target...
clang-darwin.compile.c++ bin.v2/libs/config/checks/clang-darwin-15/release/cxxstd-11-iso/link-static/threading-multi/visibility-hidden/cxx11_lambdas.o
...updated 1 target...
...found 1 target...
...updating 1 target...
clang-darwin.compile.c++ bin.v2/libs/config/checks/clang-darwin-15/release/cxxstd-11-iso/link-static/threading-multi/visibility-hidden/cxx11_noexcept.o
...updated 1 target...
...found 1 target...
...updating 1 target...
clang-darwin.compile.c++ bin.v2/libs/config/checks/clang-darwin-15/release/cxxstd-11-iso/link-static/threading-multi/visibility-hidden/cxx11_nullptr.o
...updated 1 target...
...found 1 target...
...updating 1 target...
clang-darwin.compile.c++ bin.v2/libs/config/checks/clang-darwin-15/release/cxxstd-11-iso/link-static/threading-multi/visibility-hidden/cxx11_template_aliases.o
...updated 1 target...
...found 1 target...
...updating 1 target...
clang-darwin.compile.c++ bin.v2/libs/config/checks/clang-darwin-15/release/cxxstd-11-iso/link-static/threading-multi/visibility-hidden/cxx11_thread_local.o
...updated 1 target...
...found 1 target...
...updating 1 target...
clang-darwin.compile.c++ bin.v2/libs/config/checks/clang-darwin-15/release/cxxstd-11-iso/link-static/threading-multi/visibility-hidden/cxx11_variadic_templates.o
...updated 1 target...
...found 5 targets...
...updating 5 targets...
clang-darwin.compile.c++ bin.v2/libs/regex/build/clang-darwin-15/release/cxxstd-11-iso/link-static/threading-multi/visibility-hidden/has_icu_test.o
libs/regex/build/has_icu_test.cpp:15:10: fatal error: 'unicode/coll.h' file not found
#include <unicode/coll.h>
         ^~~~~~~~~~~~~~~~
1 error generated.

    "clang++"   -std=c++11 -fvisibility-inlines-hidden -O3 -Wall -fvisibility=hidden -Wno-inline --target=arm64-apple-darwin  -DBOOST_ALL_NO_LIB=1 -DBOOST_COBALT_USE_STD_PMR=1 -DBOOST_HAS_ICU=1 -DNDEBUG   -I"."  -c -o "bin.v2/libs/regex/build/clang-darwin-15/release/cxxstd-11-iso/link-static/threading-multi/visibility-hidden/has_icu_test.o" "libs/regex/build/has_icu_test.cpp"

...failed clang-darwin.compile.c++ bin.v2/libs/regex/build/clang-darwin-15/release/cxxstd-11-iso/link-static/threading-multi/visibility-hidden/has_icu_test.o...
...skipped <pbin.v2/libs/regex/build/clang-darwin-15/release/cxxstd-11-iso/link-static/threading-multi/visibility-hidden>has_icu for lack of <pbin.v2/libs/regex/build/clang-darwin-15/release/cxxstd-11-iso/link-static/threading-multi/visibility-hidden>has_icu_test.o...
...failed updating 1 target...
...skipped 1 target...
...updated 3 targets...
...found 1 target...
...updating 1 target...
clang-darwin.compile.c++ bin.v2/standalone/ac/clang-darwin-15/release/cxxstd-11-iso/link-static/threading-multi/visibility-hidden/zlib_h.o
...updated 1 target...
...found 2 targets...
...updating 2 targets...
clang-darwin.compile.c++ bin.v2/standalone/ac/clang-darwin-15/release/cxxstd-11-iso/link-static/threading-multi/visibility-hidden/main-z.o
clang-darwin.link bin.v2/standalone/ac/clang-darwin-15/release/cxxstd-11-iso/link-static/threading-multi/visibility-hidden/z
...updated 2 targets...
...found 1 target...
...updating 1 target...
clang-darwin.compile.c++ bin.v2/standalone/ac/clang-darwin-15/release/cxxstd-11-iso/link-static/threading-multi/visibility-hidden/bzlib_h.o
...updated 1 target...
...found 2 targets...
...updating 2 targets...
clang-darwin.compile.c++ bin.v2/standalone/ac/clang-darwin-15/release/cxxstd-11-iso/link-static/threading-multi/visibility-hidden/main-bz2.o
clang-darwin.link bin.v2/standalone/ac/clang-darwin-15/release/cxxstd-11-iso/link-static/threading-multi/visibility-hidden/bz2
...updated 2 targets...
...found 1 target...
...updating 1 target...
clang-darwin.compile.c++ bin.v2/standalone/ac/clang-darwin-15/release/cxxstd-11-iso/link-static/threading-multi/visibility-hidden/lzma_h.o
bin.v2/standalone/ac/lzma_h.cpp:1:10: fatal error: 'lzma.h' file not found
#include <lzma.h>
         ^~~~~~~~
1 error generated.

    "clang++"   -std=c++11 -fvisibility-inlines-hidden -O3 -Wall -fvisibility=hidden -Wno-inline --target=arm64-apple-darwin  -DBOOST_COBALT_USE_STD_PMR=1 -DNDEBUG     -c -o "bin.v2/standalone/ac/clang-darwin-15/release/cxxstd-11-iso/link-static/threading-multi/visibility-hidden/lzma_h.o" "bin.v2/standalone/ac/lzma_h.cpp"

...failed clang-darwin.compile.c++ bin.v2/standalone/ac/clang-darwin-15/release/cxxstd-11-iso/link-static/threading-multi/visibility-hidden/lzma_h.o...
...failed updating 1 target...
...found 2 targets...
...updating 2 targets...
clang-darwin.compile.c++ bin.v2/standalone/ac/clang-darwin-15/release/cxxstd-11-iso/link-static/threading-multi/visibility-hidden/main-lzma.o
clang-darwin.link bin.v2/standalone/ac/clang-darwin-15/release/cxxstd-11-iso/link-static/threading-multi/visibility-hidden/lzma
...updated 2 targets...
...found 1 target...
...updating 1 target...
clang-darwin.compile.c++ bin.v2/standalone/ac/clang-darwin-15/release/cxxstd-11-iso/link-static/threading-multi/visibility-hidden/zstd_h.o
bin.v2/standalone/ac/zstd_h.cpp:1:10: fatal error: 'zstd.h' file not found
#include <zstd.h>
         ^~~~~~~~
1 error generated.

    "clang++"   -std=c++11 -fvisibility-inlines-hidden -O3 -Wall -fvisibility=hidden -Wno-inline --target=arm64-apple-darwin  -DBOOST_COBALT_USE_STD_PMR=1 -DNDEBUG     -c -o "bin.v2/standalone/ac/clang-darwin-15/release/cxxstd-11-iso/link-static/threading-multi/visibility-hidden/zstd_h.o" "bin.v2/standalone/ac/zstd_h.cpp"

...failed clang-darwin.compile.c++ bin.v2/standalone/ac/clang-darwin-15/release/cxxstd-11-iso/link-static/threading-multi/visibility-hidden/zstd_h.o...
...failed updating 1 target...
...found 5 targets...
...updating 5 targets...
clang-darwin.compile.c++ bin.v2/libs/iostreams/build/clang-darwin-15/release/cxxstd-11-iso/link-static/threading-multi/visibility-hidden/has_lzma_cputhreads.o
libs/iostreams/src/../build/has_lzma_cputhreads.cpp:5:10: fatal error: 'lzma.h' file not found
#include <lzma.h>
         ^~~~~~~~
1 error generated.

    "clang++"   -std=c++11 -fvisibility-inlines-hidden -O3 -Wall -fvisibility=hidden -Wno-inline --target=arm64-apple-darwin  -DBOOST_ALL_NO_LIB=1 -DBOOST_COBALT_USE_STD_PMR=1 -DNDEBUG   -I"."  -c -o "bin.v2/libs/iostreams/build/clang-darwin-15/release/cxxstd-11-iso/link-static/threading-multi/visibility-hidden/has_lzma_cputhreads.o" "libs/iostreams/src/../build/has_lzma_cputhreads.cpp"

...failed clang-darwin.compile.c++ bin.v2/libs/iostreams/build/clang-darwin-15/release/cxxstd-11-iso/link-static/threading-multi/visibility-hidden/has_lzma_cputhreads.o...
...skipped <pbin.v2/libs/iostreams/build/clang-darwin-15/release/cxxstd-11-iso/link-static/threading-multi/visibility-hidden>has_lzma_cputhreads for lack of <pbin.v2/libs/iostreams/build/clang-darwin-15/release/cxxstd-11-iso/link-static/threading-multi/visibility-hidden>has_lzma_cputhreads.o...
...failed updating 1 target...
...skipped 1 target...
...updated 3 targets...
...found 1 target...
...updating 1 target...
clang-darwin.compile.c++ bin.v2/libs/config/checks/clang-darwin-15/release/cxxstd-11-iso/link-static/threading-multi/visibility-hidden/cxx11_decltype.o
...updated 1 target...
...found 4 targets...
...updating 4 targets...
clang-darwin.compile.c++ bin.v2/libs/json/build/clang-darwin-15/release/cxxstd-11-iso/link-static/threading-multi/visibility-hidden/cxx11_basic_alignas.o
...updated 4 targets...
...found 5 targets...
...updating 5 targets...
clang-darwin.compile.c++ bin.v2/libs/locale/build/clang-darwin-15/release/cxxstd-11-iso/link-static/threading-multi/visibility-hidden/has_iconv.o
clang-darwin.link bin.v2/libs/locale/build/clang-darwin-15/release/cxxstd-11-iso/link-static/threading-multi/visibility-hidden/has_iconv
Undefined symbols for architecture arm64:
  "_iconv_open", referenced from:
      _main in has_iconv.o
ld: symbol(s) not found for architecture arm64
clang: error: linker command failed with exit code 1 (use -v to see invocation)

    "clang++"    -o "bin.v2/libs/locale/build/clang-darwin-15/release/cxxstd-11-iso/link-static/threading-multi/visibility-hidden/has_iconv"  "bin.v2/libs/locale/build/clang-darwin-15/release/cxxstd-11-iso/link-static/threading-multi/visibility-hidden/has_iconv.o"       -std=c++11 -fvisibility=hidden -fvisibility-inlines-hidden --target=arm64-apple-darwin 

...failed clang-darwin.link bin.v2/libs/locale/build/clang-darwin-15/release/cxxstd-11-iso/link-static/threading-multi/visibility-hidden/has_iconv...
...failed updating 1 target...
...updated 4 targets...
...found 2 targets...
...updating 2 targets...
clang-darwin.compile.c++ bin.v2/libs/locale/build/clang-darwin-15/release/cxxstd-11-iso/link-static/threading-multi/visibility-hidden/has_external_iconv_obj.o
clang-darwin.link bin.v2/libs/locale/build/clang-darwin-15/release/cxxstd-11-iso/link-static/threading-multi/visibility-hidden/has_external_iconv
...updated 2 targets...
...found 2 targets...
...updating 2 targets...
clang-darwin.compile.c++ bin.v2/libs/locale/build/clang-darwin-15/release/cxxstd-11-iso/link-static/threading-multi/visibility-hidden/has_icu_test.o
/Users/enzo/mylibs/boost_1_84_0/libs/locale/build/has_icu_test.cpp:6:10: fatal error: 'unicode/coll.h' file not found
#include <unicode/coll.h>
         ^~~~~~~~~~~~~~~~
1 error generated.

    "clang++"   -std=c++11 -fvisibility-inlines-hidden -O3 -Wall -fvisibility=hidden -Wno-inline --target=arm64-apple-darwin  -DBOOST_ALL_NO_LIB=1 -DBOOST_COBALT_USE_STD_PMR=1 -DNDEBUG   -I"."  -c -o "bin.v2/libs/locale/build/clang-darwin-15/release/cxxstd-11-iso/link-static/threading-multi/visibility-hidden/has_icu_test.o" "/Users/enzo/mylibs/boost_1_84_0/libs/locale/build/has_icu_test.cpp"

...failed clang-darwin.compile.c++ bin.v2/libs/locale/build/clang-darwin-15/release/cxxstd-11-iso/link-static/threading-multi/visibility-hidden/has_icu_test.o...
...skipped <pbin.v2/libs/locale/build/clang-darwin-15/release/cxxstd-11-iso/link-static/threading-multi/visibility-hidden>has_icu for lack of <pbin.v2/libs/locale/build/clang-darwin-15/release/cxxstd-11-iso/link-static/threading-multi/visibility-hidden>has_icu_test.o...
...failed updating 1 target...
...skipped 1 target...
...found 1 target...
...updating 1 target...
clang-darwin.compile.c++ bin.v2/libs/config/checks/clang-darwin-15/release/cxxstd-11-iso/link-static/threading-multi/visibility-hidden/cxx11_defaulted_moves.o
...updated 1 target...
...found 1 target...
...updating 1 target...
clang-darwin.compile.c++ bin.v2/libs/config/checks/clang-darwin-15/release/cxxstd-11-iso/link-static/threading-multi/visibility-hidden/cxx11_hdr_functional.o
...updated 1 target...
...found 1 target...
...updating 1 target...
clang-darwin.compile.c++ bin.v2/libs/config/checks/clang-darwin-15/release/cxxstd-11-iso/link-static/threading-multi/visibility-hidden/cxx11_hdr_type_traits.o
...updated 1 target...
...found 1 target...
...updating 1 target...
clang-darwin.compile.c++ bin.v2/libs/config/checks/clang-darwin-15/release/cxxstd-11-iso/link-static/threading-multi/visibility-hidden/cxx11_override.o
...updated 1 target...
...found 1 target...
...updating 1 target...
clang-darwin.compile.c++ bin.v2/libs/config/checks/clang-darwin-15/release/cxxstd-11-iso/link-static/threading-multi/visibility-hidden/cxx11_range_based_for.o
...updated 1 target...
...found 1 target...
...updating 1 target...
clang-darwin.compile.c++ bin.v2/libs/config/checks/clang-darwin-15/release/cxxstd-11-iso/link-static/threading-multi/visibility-hidden/cxx11_scoped_enums.o
...updated 1 target...
...found 1 target...
...updating 1 target...
clang-darwin.compile.c++ bin.v2/libs/config/checks/clang-darwin-15/release/cxxstd-11-iso/link-static/threading-multi/visibility-hidden/cxx11_smart_ptr.o
...updated 1 target...
...found 5 targets...
...updating 5 targets...
clang-darwin.compile.c++ bin.v2/libs/log/config/atomic-int32/clang-darwin-15/release/cxxstd-11-iso/link-static/pch-off/threading-multi/visibility-hidden/atomic_int32.o
...updated 5 targets...
...found 5 targets...
...updating 5 targets...
clang-darwin.compile.c++ bin.v2/libs/log/config/native-syslog/clang-darwin-15/release/cxxstd-11-iso/link-static/pch-off/threading-multi/visibility-hidden/native_syslog.o
...updated 5 targets...
...found 5 targets...
...updating 5 targets...
clang-darwin.compile.c++ bin.v2/libs/log/config/pthread-mutex-robust/clang-darwin-15/release/cxxstd-11-iso/link-static/pch-off/threading-multi/visibility-hidden/pthread_mutex_robust.o
/Users/enzo/mylibs/boost_1_84_0/libs/log/config/pthread-mutex-robust/pthread_mutex_robust.cpp:17:40: error: use of undeclared identifier 'PTHREAD_MUTEX_ROBUST'
    pthread_mutexattr_setrobust(&attr, PTHREAD_MUTEX_ROBUST);
                                       ^
/Users/enzo/mylibs/boost_1_84_0/libs/log/config/pthread-mutex-robust/pthread_mutex_robust.cpp:26:15: error: use of undeclared identifier 'pthread_mutex_consistent'; did you mean 'pthread_mutex_destroy'?
        err = pthread_mutex_consistent(&m);
              ^~~~~~~~~~~~~~~~~~~~~~~~
              pthread_mutex_destroy
/Applications/Xcode.app/Contents/Developer/Platforms/MacOSX.platform/Developer/SDKs/MacOSX.sdk/usr/include/pthread.h:381:5: note: 'pthread_mutex_destroy' declared here
int pthread_mutex_destroy(pthread_mutex_t *);
    ^
2 errors generated.

    "clang++"   -std=c++11 -fvisibility-inlines-hidden -O3 -Wall -fvisibility=hidden -Wno-inline --target=arm64-apple-darwin  -DBOOST_ALL_NO_LIB=1 -DBOOST_COBALT_USE_STD_PMR=1 -DNDEBUG   -I"."  -c -o "bin.v2/libs/log/config/pthread-mutex-robust/clang-darwin-15/release/cxxstd-11-iso/link-static/pch-off/threading-multi/visibility-hidden/pthread_mutex_robust.o" "/Users/enzo/mylibs/boost_1_84_0/libs/log/config/pthread-mutex-robust/pthread_mutex_robust.cpp"

...failed clang-darwin.compile.c++ bin.v2/libs/log/config/pthread-mutex-robust/clang-darwin-15/release/cxxstd-11-iso/link-static/pch-off/threading-multi/visibility-hidden/pthread_mutex_robust.o...
...failed updating 1 target...
...updated 4 targets...
...found 5 targets...
...updating 5 targets...
clang-darwin.compile.c++ bin.v2/libs/log/config/regex-header-only/clang-darwin-15/release/cxxstd-11-iso/link-static/pch-off/threading-multi/visibility-hidden/regex_header_only.o
...updated 5 targets...
...found 5 targets...
...updating 5 targets...
clang-darwin.compile.c++ bin.v2/libs/thread/build/clang-darwin-15/release/cxxstd-11-iso/link-static/threading-multi/visibility-hidden/has_atomic_flag_lockfree_test.o
clang-darwin.link bin.v2/libs/thread/build/clang-darwin-15/release/cxxstd-11-iso/link-static/threading-multi/visibility-hidden/has_atomic_flag_lockfree
...updated 5 targets...
...found 4 targets...
...updating 4 targets...
clang-darwin.compile.c++ bin.v2/libs/math/config/clang-darwin-15/release/cxxstd-11-iso/link-static/threading-multi/visibility-hidden/has_gcc_visibility.o
...updated 4 targets...
...found 1 target...
...updating 1 target...
clang-darwin.compile.c++ bin.v2/libs/config/checks/clang-darwin-15/release/cxxstd-11-iso/link-static/threading-multi/visibility-hidden/sfinae_expr.o
...updated 1 target...
...found 1 target...
...updating 1 target...
clang-darwin.compile.c++ bin.v2/libs/config/checks/clang-darwin-15/release/cxxstd-11-iso/link-static/threading-multi/visibility-hidden/cxx11_unified_initialization_syntax.o
...updated 1 target...
...found 1 target...
...updating 1 target...
clang-darwin.compile.c++ bin.v2/libs/config/checks/clang-darwin-15/release/cxxstd-11-iso/link-static/threading-multi/visibility-hidden/cxx11_hdr_initializer_list.o
...updated 1 target...
...found 1 target...
...updating 1 target...
clang-darwin.compile.c++ bin.v2/libs/config/checks/clang-darwin-15/release/cxxstd-11-iso/link-static/threading-multi/visibility-hidden/cxx11_hdr_chrono.o
...updated 1 target...
...found 1 target...
...updating 1 target...
clang-darwin.compile.c++ bin.v2/libs/config/checks/clang-darwin-15/release/cxxstd-11-iso/link-static/threading-multi/visibility-hidden/cxx11_numeric_limits.o
...updated 1 target...
...found 1 target...
...updating 1 target...
clang-darwin.compile.c++ bin.v2/libs/config/checks/clang-darwin-15/release/cxxstd-11-iso/link-static/threading-multi/visibility-hidden/cxx11_hdr_array.o
...updated 1 target...
...found 1 target...
...updating 1 target...
clang-darwin.compile.c++ bin.v2/libs/config/checks/clang-darwin-15/release/cxxstd-11-iso/link-static/threading-multi/visibility-hidden/cxx11_hdr_atomic.o
...updated 1 target...
...found 1 target...
...updating 1 target...
clang-darwin.compile.c++ bin.v2/libs/config/checks/clang-darwin-15/release/cxxstd-11-iso/link-static/threading-multi/visibility-hidden/cxx11_allocator.o
...updated 1 target...
...found 1 target...
...updating 1 target...
clang-darwin.compile.c++ bin.v2/libs/config/checks/clang-darwin-15/release/cxxstd-11-iso/link-static/threading-multi/visibility-hidden/cxx11_explicit_conversion_operators.o
...updated 1 target...
...found 1 target...
...updating 1 target...
clang-darwin.compile.c++ bin.v2/libs/math/config/clang-darwin-15/release/cxxstd-11-iso/link-static/threading-multi/visibility-hidden/has_long_double_support.o
In file included from libs/math/config/has_long_double_support.cpp:6:
./boost/math/tools/config.hpp:23:6: warning: "The minimum language standard to use Boost.Math will be C++14 starting in July 2023 (Boost 1.82 release)" [-W#warnings]
#    warning "The minimum language standard to use Boost.Math will be C++14 starting in July 2023 (Boost 1.82 release)"
     ^
1 warning generated.
...updated 1 target...
...found 1 target...
...updating 1 target...
clang-darwin.compile.c++ bin.v2/libs/config/checks/clang-darwin-15/release/cxxstd-11-iso/link-static/threading-multi/visibility-hidden/cxx11_char16_t.o
...updated 1 target...
...found 1 target...
...updating 1 target...
clang-darwin.compile.c++ bin.v2/libs/config/checks/clang-darwin-15/release/cxxstd-11-iso/link-static/threading-multi/visibility-hidden/cxx11_char32_t.o
...updated 1 target...
...found 5 targets...
...updating 5 targets...
clang-darwin.compile.c++ bin.v2/libs/nowide/config/clang-darwin-15/release/cxxstd-11-iso/link-static/threading-multi/visibility-hidden/check_lfs_support.o
clang-darwin.link bin.v2/libs/nowide/config/clang-darwin-15/release/cxxstd-11-iso/link-static/threading-multi/visibility-hidden/lfs_support
...updated 5 targets...
...found 1 target...
...updating 1 target...
clang-darwin.compile.c++ bin.v2/libs/nowide/config/clang-darwin-15/release/cxxstd-11-iso/link-static/threading-multi/visibility-hidden/attribute_init_priority.o
...updated 1 target...
...found 1 target...
...updating 1 target...
clang-darwin.compile.c++ bin.v2/libs/config/checks/clang-darwin-15/release/cxxstd-11-iso/link-static/threading-multi/visibility-hidden/std_wstreambuf.o
...updated 1 target...
...found 6 targets...
...updating 6 targets...
clang-darwin.compile.c++ bin.v2/libs/stacktrace/build/clang-darwin-15/release/cxxstd-11-iso/link-static/threading-multi/visibility-hidden/has_backtrace.o
libs/stacktrace/build/has_backtrace.cpp:10:13: fatal error: 'backtrace.h' file not found
#   include <backtrace.h>
            ^~~~~~~~~~~~~
1 error generated.

    "clang++"   -std=c++11 -fvisibility-inlines-hidden -O3 -Wall -fvisibility=hidden -Wno-inline --target=arm64-apple-darwin  -DBOOST_ALL_NO_LIB=1 -DBOOST_COBALT_USE_STD_PMR=1 -DNDEBUG   -I"."  -c -o "bin.v2/libs/stacktrace/build/clang-darwin-15/release/cxxstd-11-iso/link-static/threading-multi/visibility-hidden/has_backtrace.o" "libs/stacktrace/build/has_backtrace.cpp"

...failed clang-darwin.compile.c++ bin.v2/libs/stacktrace/build/clang-darwin-15/release/cxxstd-11-iso/link-static/threading-multi/visibility-hidden/has_backtrace.o...
...skipped <pbin.v2/libs/stacktrace/build/clang-darwin-15/release/cxxstd-11-iso/link-static/threading-multi/visibility-hidden>libbacktrace_exe for lack of <pbin.v2/libs/stacktrace/build/clang-darwin-15/release/cxxstd-11-iso/link-static/threading-multi/visibility-hidden>has_backtrace.o...
...skipped <pbin.v2/libs/stacktrace/build/clang-darwin-15/release/cxxstd-11-iso/link-static/threading-multi/visibility-hidden>libbacktrace.output for lack of <pbin.v2/libs/stacktrace/build/clang-darwin-15/release/cxxstd-11-iso/link-static/threading-multi/visibility-hidden>libbacktrace_exe...
...failed updating 1 target...
...skipped 2 targets...
...updated 3 targets...
...found 3 targets...
...updating 3 targets...
clang-darwin.compile.c++ bin.v2/libs/stacktrace/build/clang-darwin-15/release/cxxstd-11-iso/link-static/threading-multi/visibility-hidden/has_addr2line.o
clang-darwin.link bin.v2/libs/stacktrace/build/clang-darwin-15/release/cxxstd-11-iso/link-static/threading-multi/visibility-hidden/addr2line_exe
Jamfile</Users/enzo/mylibs/boost_1_84_0/libs/stacktrace/build>.mp_simple_run_action bin.v2/libs/stacktrace/build/clang-darwin-15/release/cxxstd-11-iso/link-static/threading-multi/visibility-hidden/addr2line.output
sh: /usr/bin/addr2line: No such file or directory
...updated 3 targets...
...found 3 targets...
...updating 3 targets...
clang-darwin.compile.c++ bin.v2/libs/stacktrace/build/clang-darwin-15/release/cxxstd-11-iso/link-static/threading-multi/visibility-hidden/has_windbg.o
libs/stacktrace/build/has_windbg.cpp:8:10: fatal error: 'windows.h' file not found
#include <windows.h>
         ^~~~~~~~~~~
1 error generated.

    "clang++"   -std=c++11 -fvisibility-inlines-hidden -O3 -Wall -fvisibility=hidden -Wno-inline --target=arm64-apple-darwin  -DBOOST_ALL_NO_LIB=1 -DBOOST_COBALT_USE_STD_PMR=1 -DNDEBUG   -I"."  -c -o "bin.v2/libs/stacktrace/build/clang-darwin-15/release/cxxstd-11-iso/link-static/threading-multi/visibility-hidden/has_windbg.o" "libs/stacktrace/build/has_windbg.cpp"

...failed clang-darwin.compile.c++ bin.v2/libs/stacktrace/build/clang-darwin-15/release/cxxstd-11-iso/link-static/threading-multi/visibility-hidden/has_windbg.o...
...skipped <pbin.v2/libs/stacktrace/build/clang-darwin-15/release/cxxstd-11-iso/link-static/threading-multi/visibility-hidden>WinDbg_exe for lack of <pbin.v2/libs/stacktrace/build/clang-darwin-15/release/cxxstd-11-iso/link-static/threading-multi/visibility-hidden>has_windbg.o...
...skipped <pbin.v2/libs/stacktrace/build/clang-darwin-15/release/cxxstd-11-iso/link-static/threading-multi/visibility-hidden>WinDbg.output for lack of <pbin.v2/libs/stacktrace/build/clang-darwin-15/release/cxxstd-11-iso/link-static/threading-multi/visibility-hidden>WinDbg_exe...
...failed updating 1 target...
...skipped 2 targets...
...found 3 targets...
...updating 3 targets...
clang-darwin.compile.c++ bin.v2/libs/stacktrace/build/clang-darwin-15/release/cxxstd-11-iso/link-static/threading-multi/visibility-hidden/has_windbg_cached.o
libs/stacktrace/build/has_windbg_cached.cpp:11:10: fatal error: 'windows.h' file not found
#include <windows.h>
         ^~~~~~~~~~~
1 error generated.

    "clang++"   -std=c++11 -fvisibility-inlines-hidden -O3 -Wall -fvisibility=hidden -Wno-inline --target=arm64-apple-darwin  -DBOOST_ALL_NO_LIB=1 -DBOOST_COBALT_USE_STD_PMR=1 -DNDEBUG   -I"."  -c -o "bin.v2/libs/stacktrace/build/clang-darwin-15/release/cxxstd-11-iso/link-static/threading-multi/visibility-hidden/has_windbg_cached.o" "libs/stacktrace/build/has_windbg_cached.cpp"

...failed clang-darwin.compile.c++ bin.v2/libs/stacktrace/build/clang-darwin-15/release/cxxstd-11-iso/link-static/threading-multi/visibility-hidden/has_windbg_cached.o...
...skipped <pbin.v2/libs/stacktrace/build/clang-darwin-15/release/cxxstd-11-iso/link-static/threading-multi/visibility-hidden>WinDbgCached_exe for lack of <pbin.v2/libs/stacktrace/build/clang-darwin-15/release/cxxstd-11-iso/link-static/threading-multi/visibility-hidden>has_windbg_cached.o...
...skipped <pbin.v2/libs/stacktrace/build/clang-darwin-15/release/cxxstd-11-iso/link-static/threading-multi/visibility-hidden>WinDbgCached.output for lack of <pbin.v2/libs/stacktrace/build/clang-darwin-15/release/cxxstd-11-iso/link-static/threading-multi/visibility-hidden>WinDbgCached_exe...
...failed updating 1 target...
...skipped 2 targets...
...found 1 target...
...updating 1 target...
clang-darwin.compile.c++ bin.v2/libs/config/checks/clang-darwin-15/release/cxxstd-11-iso/link-static/threading-multi/visibility-hidden/cxx11_hdr_thread.o
...updated 1 target...
...found 1 target...
...updating 1 target...
clang-darwin.compile.c++ bin.v2/libs/config/checks/clang-darwin-15/release/cxxstd-11-iso/link-static/threading-multi/visibility-hidden/cxx11_hdr_regex.o
...updated 1 target...
...found 1 target...
...updating 1 target...
config-cache.write bin.v2/project-cache.jam
...updated 1 target...
